{"/home/docker/Proj/TATS/apps/traide-ui/next.config.js": {"path":"/home/docker/Proj/TATS/apps/traide-ui/next.config.js","all":true,"statementMap":{"0":{"start":{"line":1,"column":0},"end":{"line":1,"column":40}},"1":{"start":{"line":2,"column":0},"end":{"line":2,"column":20}},"2":{"start":{"line":3,"column":0},"end":{"line":3,"column":17}},"3":{"start":{"line":4,"column":0},"end":{"line":4,"column":22}},"4":{"start":{"line":5,"column":0},"end":{"line":5,"column":4}},"5":{"start":{"line":6,"column":0},"end":{"line":6,"column":24}},"6":{"start":{"line":7,"column":0},"end":{"line":7,"column":19}},"7":{"start":{"line":8,"column":0},"end":{"line":8,"column":56}},"8":{"start":{"line":9,"column":0},"end":{"line":9,"column":28}},"9":{"start":{"line":10,"column":0},"end":{"line":10,"column":27}},"10":{"start":{"line":11,"column":0},"end":{"line":11,"column":57}},"11":{"start":{"line":12,"column":0},"end":{"line":12,"column":29}},"12":{"start":{"line":13,"column":0},"end":{"line":13,"column":41}},"13":{"start":{"line":14,"column":0},"end":{"line":14,"column":50}},"14":{"start":{"line":15,"column":0},"end":{"line":15,"column":17}},"15":{"start":{"line":16,"column":0},"end":{"line":16,"column":27}},"16":{"start":{"line":17,"column":0},"end":{"line":17,"column":29}},"17":{"start":{"line":18,"column":0},"end":{"line":18,"column":41}},"18":{"start":{"line":19,"column":0},"end":{"line":19,"column":16}},"19":{"start":{"line":20,"column":0},"end":{"line":20,"column":17}},"20":{"start":{"line":21,"column":0},"end":{"line":21,"column":30}},"21":{"start":{"line":22,"column":0},"end":{"line":22,"column":31}},"22":{"start":{"line":23,"column":0},"end":{"line":23,"column":24}},"23":{"start":{"line":24,"column":0},"end":{"line":24,"column":27}},"24":{"start":{"line":25,"column":0},"end":{"line":25,"column":16}},"25":{"start":{"line":26,"column":0},"end":{"line":26,"column":12}},"26":{"start":{"line":27,"column":0},"end":{"line":27,"column":7}},"27":{"start":{"line":28,"column":0},"end":{"line":28,"column":26}},"28":{"start":{"line":29,"column":0},"end":{"line":29,"column":18}},"29":{"start":{"line":30,"column":0},"end":{"line":30,"column":57}},"30":{"start":{"line":31,"column":0},"end":{"line":31,"column":59}},"31":{"start":{"line":32,"column":0},"end":{"line":32,"column":62}},"32":{"start":{"line":33,"column":0},"end":{"line":33,"column":52}},"33":{"start":{"line":34,"column":0},"end":{"line":34,"column":91}},"34":{"start":{"line":35,"column":0},"end":{"line":35,"column":10}},"35":{"start":{"line":36,"column":0},"end":{"line":36,"column":8}},"36":{"start":{"line":37,"column":0},"end":{"line":37,"column":5}},"37":{"start":{"line":38,"column":0},"end":{"line":38,"column":4}},"38":{"start":{"line":39,"column":0},"end":{"line":39,"column":1}},"39":{"start":{"line":40,"column":0},"end":{"line":40,"column":0}},"40":{"start":{"line":41,"column":0},"end":{"line":41,"column":25}}},"s":{"0":0,"1":0,"2":0,"3":0,"4":0,"5":0,"6":0,"7":0,"8":0,"9":0,"10":0,"11":0,"12":0,"13":0,"14":0,"15":0,"16":0,"17":0,"18":0,"19":0,"20":0,"21":0,"22":0,"23":0,"24":0,"25":0,"26":0,"27":0,"28":0,"29":0,"30":0,"31":0,"32":0,"33":0,"34":0,"35":0,"36":0,"37":0,"38":0,"39":0,"40":0},"branchMap":{"0":{"type":"branch","line":1,"loc":{"start":{"line":1,"column":0},"end":{"line":41,"column":14}},"locations":[{"start":{"line":1,"column":0},"end":{"line":41,"column":14}}]}},"b":{"0":[0]},"fnMap":{"0":{"name":"(empty-report)","decl":{"start":{"line":1,"column":0},"end":{"line":41,"column":14}},"loc":{"start":{"line":1,"column":0},"end":{"line":41,"column":14}},"line":1}},"f":{"0":0}}
,"/home/docker/Proj/TATS/apps/traide-ui/postcss.config.js": {"path":"/home/docker/Proj/TATS/apps/traide-ui/postcss.config.js","all":true,"statementMap":{"0":{"start":{"line":1,"column":0},"end":{"line":1,"column":16}},"1":{"start":{"line":2,"column":0},"end":{"line":2,"column":12}},"2":{"start":{"line":3,"column":0},"end":{"line":3,"column":20}},"3":{"start":{"line":4,"column":0},"end":{"line":4,"column":21}},"4":{"start":{"line":5,"column":0},"end":{"line":5,"column":4}},"5":{"start":{"line":6,"column":0},"end":{"line":6,"column":2}}},"s":{"0":0,"1":0,"2":0,"3":0,"4":0,"5":0},"branchMap":{"0":{"type":"branch","line":1,"loc":{"start":{"line":1,"column":0},"end":{"line":6,"column":-11}},"locations":[{"start":{"line":1,"column":0},"end":{"line":6,"column":-11}}]}},"b":{"0":[0]},"fnMap":{"0":{"name":"(empty-report)","decl":{"start":{"line":1,"column":0},"end":{"line":6,"column":-11}},"loc":{"start":{"line":1,"column":0},"end":{"line":6,"column":-11}},"line":1}},"f":{"0":0}}
,"/home/docker/Proj/TATS/apps/traide-ui/tailwind.config.ts": {"path":"/home/docker/Proj/TATS/apps/traide-ui/tailwind.config.ts","all":true,"statementMap":{"0":{"start":{"line":1,"column":0},"end":{"line":1,"column":41}},"1":{"start":{"line":2,"column":0},"end":{"line":2,"column":0}},"2":{"start":{"line":3,"column":0},"end":{"line":3,"column":16}},"3":{"start":{"line":4,"column":0},"end":{"line":4,"column":22}},"4":{"start":{"line":5,"column":0},"end":{"line":5,"column":12}},"5":{"start":{"line":6,"column":0},"end":{"line":6,"column":30}},"6":{"start":{"line":7,"column":0},"end":{"line":7,"column":37}},"7":{"start":{"line":8,"column":0},"end":{"line":8,"column":32}},"8":{"start":{"line":9,"column":0},"end":{"line":9,"column":4}},"9":{"start":{"line":10,"column":0},"end":{"line":10,"column":10}},"10":{"start":{"line":11,"column":0},"end":{"line":11,"column":13}},"11":{"start":{"line":12,"column":0},"end":{"line":12,"column":15}},"12":{"start":{"line":13,"column":0},"end":{"line":13,"column":15}},"13":{"start":{"line":14,"column":0},"end":{"line":14,"column":25}},"14":{"start":{"line":15,"column":0},"end":{"line":15,"column":25}},"15":{"start":{"line":16,"column":0},"end":{"line":16,"column":25}},"16":{"start":{"line":17,"column":0},"end":{"line":17,"column":25}},"17":{"start":{"line":18,"column":0},"end":{"line":18,"column":25}},"18":{"start":{"line":19,"column":0},"end":{"line":19,"column":10}},"19":{"start":{"line":20,"column":0},"end":{"line":20,"column":16}},"20":{"start":{"line":21,"column":0},"end":{"line":21,"column":56}},"21":{"start":{"line":22,"column":0},"end":{"line":22,"column":36}},"22":{"start":{"line":23,"column":0},"end":{"line":23,"column":43}},"23":{"start":{"line":24,"column":0},"end":{"line":24,"column":46}},"24":{"start":{"line":25,"column":0},"end":{"line":25,"column":37}},"25":{"start":{"line":26,"column":0},"end":{"line":26,"column":10}},"26":{"start":{"line":27,"column":0},"end":{"line":27,"column":17}},"27":{"start":{"line":28,"column":0},"end":{"line":28,"column":28}},"28":{"start":{"line":29,"column":0},"end":{"line":29,"column":26}},"29":{"start":{"line":30,"column":0},"end":{"line":30,"column":26}},"30":{"start":{"line":31,"column":0},"end":{"line":31,"column":10}},"31":{"start":{"line":32,"column":0},"end":{"line":32,"column":8}},"32":{"start":{"line":33,"column":0},"end":{"line":33,"column":18}},"33":{"start":{"line":34,"column":0},"end":{"line":34,"column":83}},"34":{"start":{"line":35,"column":0},"end":{"line":35,"column":45}},"35":{"start":{"line":36,"column":0},"end":{"line":36,"column":8}},"36":{"start":{"line":37,"column":0},"end":{"line":37,"column":21}},"37":{"start":{"line":38,"column":0},"end":{"line":38,"column":18}},"38":{"start":{"line":39,"column":0},"end":{"line":39,"column":8}},"39":{"start":{"line":40,"column":0},"end":{"line":40,"column":24}},"40":{"start":{"line":41,"column":0},"end":{"line":41,"column":353}},"41":{"start":{"line":42,"column":0},"end":{"line":42,"column":178}},"42":{"start":{"line":43,"column":0},"end":{"line":43,"column":119}},"43":{"start":{"line":44,"column":0},"end":{"line":44,"column":8}},"44":{"start":{"line":45,"column":0},"end":{"line":45,"column":18}},"45":{"start":{"line":46,"column":0},"end":{"line":46,"column":47}},"46":{"start":{"line":47,"column":0},"end":{"line":47,"column":57}},"47":{"start":{"line":48,"column":0},"end":{"line":48,"column":44}},"48":{"start":{"line":49,"column":0},"end":{"line":49,"column":47}},"49":{"start":{"line":50,"column":0},"end":{"line":50,"column":71}},"50":{"start":{"line":51,"column":0},"end":{"line":51,"column":8}},"51":{"start":{"line":52,"column":0},"end":{"line":52,"column":18}},"52":{"start":{"line":53,"column":0},"end":{"line":53,"column":16}},"53":{"start":{"line":54,"column":0},"end":{"line":54,"column":55}},"54":{"start":{"line":55,"column":0},"end":{"line":55,"column":51}},"55":{"start":{"line":56,"column":0},"end":{"line":56,"column":10}},"56":{"start":{"line":57,"column":0},"end":{"line":57,"column":20}},"57":{"start":{"line":58,"column":0},"end":{"line":58,"column":39}},"58":{"start":{"line":59,"column":0},"end":{"line":59,"column":32}},"59":{"start":{"line":60,"column":0},"end":{"line":60,"column":10}},"60":{"start":{"line":61,"column":0},"end":{"line":61,"column":16}},"61":{"start":{"line":62,"column":0},"end":{"line":62,"column":65}},"62":{"start":{"line":63,"column":0},"end":{"line":63,"column":66}},"63":{"start":{"line":64,"column":0},"end":{"line":64,"column":10}},"64":{"start":{"line":65,"column":0},"end":{"line":65,"column":15}},"65":{"start":{"line":66,"column":0},"end":{"line":66,"column":50}},"66":{"start":{"line":67,"column":0},"end":{"line":67,"column":50}},"67":{"start":{"line":68,"column":0},"end":{"line":68,"column":10}},"68":{"start":{"line":69,"column":0},"end":{"line":69,"column":8}},"69":{"start":{"line":70,"column":0},"end":{"line":70,"column":6}},"70":{"start":{"line":71,"column":0},"end":{"line":71,"column":4}},"71":{"start":{"line":72,"column":0},"end":{"line":72,"column":14}},"72":{"start":{"line":73,"column":0},"end":{"line":73,"column":18}}},"s":{"0":0,"1":0,"2":0,"3":0,"4":0,"5":0,"6":0,"7":0,"8":0,"9":0,"10":0,"11":0,"12":0,"13":0,"14":0,"15":0,"16":0,"17":0,"18":0,"19":0,"20":0,"21":0,"22":0,"23":0,"24":0,"25":0,"26":0,"27":0,"28":0,"29":0,"30":0,"31":0,"32":0,"33":0,"34":0,"35":0,"36":0,"37":0,"38":0,"39":0,"40":0,"41":0,"42":0,"43":0,"44":0,"45":0,"46":0,"47":0,"48":0,"49":0,"50":0,"51":0,"52":0,"53":0,"54":0,"55":0,"56":0,"57":0,"58":0,"59":0,"60":0,"61":0,"62":0,"63":0,"64":0,"65":0,"66":0,"67":0,"68":0,"69":0,"70":0,"71":0,"72":0},"branchMap":{"0":{"type":"branch","line":1,"loc":{"start":{"line":1,"column":2571},"end":{"line":73,"column":18}},"locations":[{"start":{"line":1,"column":2571},"end":{"line":73,"column":18}}]}},"b":{"0":[0]},"fnMap":{"0":{"name":"(empty-report)","decl":{"start":{"line":1,"column":2571},"end":{"line":73,"column":18}},"loc":{"start":{"line":1,"column":2571},"end":{"line":73,"column":18}},"line":1}},"f":{"0":0}}
,"/home/docker/Proj/TATS/apps/traide-ui/src/app/error.tsx": {"path":"/home/docker/Proj/TATS/apps/traide-ui/src/app/error.tsx","all":true,"statementMap":{"0":{"start":{"line":1,"column":0},"end":{"line":1,"column":12}},"1":{"start":{"line":2,"column":0},"end":{"line":2,"column":33}},"2":{"start":{"line":3,"column":0},"end":{"line":3,"column":0}},"3":{"start":{"line":4,"column":0},"end":{"line":4,"column":114}},"4":{"start":{"line":5,"column":0},"end":{"line":5,"column":19}},"5":{"start":{"line":6,"column":0},"end":{"line":6,"column":50}},"6":{"start":{"line":7,"column":0},"end":{"line":7,"column":14}},"7":{"start":{"line":8,"column":0},"end":{"line":8,"column":76}},"8":{"start":{"line":9,"column":0},"end":{"line":9,"column":106}},"9":{"start":{"line":10,"column":0},"end":{"line":10,"column":12}},"10":{"start":{"line":11,"column":0},"end":{"line":11,"column":26}},"11":{"start":{"line":12,"column":0},"end":{"line":12,"column":5}},"12":{"start":{"line":13,"column":0},"end":{"line":13,"column":13}},"13":{"start":{"line":14,"column":0},"end":{"line":14,"column":10}},"14":{"start":{"line":15,"column":0},"end":{"line":15,"column":10}},"15":{"start":{"line":16,"column":0},"end":{"line":16,"column":12}},"16":{"start":{"line":17,"column":0},"end":{"line":17,"column":101}},"17":{"start":{"line":18,"column":0},"end":{"line":18,"column":110}},"18":{"start":{"line":19,"column":0},"end":{"line":19,"column":75}},"19":{"start":{"line":20,"column":0},"end":{"line":20,"column":113}},"20":{"start":{"line":21,"column":0},"end":{"line":21,"column":45}},"21":{"start":{"line":22,"column":0},"end":{"line":22,"column":117}},"22":{"start":{"line":23,"column":0},"end":{"line":23,"column":86}},"23":{"start":{"line":24,"column":0},"end":{"line":24,"column":18}},"24":{"start":{"line":25,"column":0},"end":{"line":25,"column":16}},"25":{"start":{"line":26,"column":0},"end":{"line":26,"column":14}},"26":{"start":{"line":27,"column":0},"end":{"line":27,"column":13}},"27":{"start":{"line":28,"column":0},"end":{"line":28,"column":11}},"28":{"start":{"line":29,"column":0},"end":{"line":29,"column":3}},"29":{"start":{"line":30,"column":0},"end":{"line":30,"column":1}}},"s":{"0":0,"1":0,"2":0,"3":0,"4":0,"5":0,"6":0,"7":0,"8":0,"9":0,"10":0,"11":0,"12":0,"13":0,"14":0,"15":0,"16":0,"17":0,"18":0,"19":0,"20":0,"21":0,"22":0,"23":0,"24":0,"25":0,"26":0,"27":0,"28":0,"29":0},"branchMap":{"0":{"type":"branch","line":1,"loc":{"start":{"line":1,"column":0},"end":{"line":30,"column":-509}},"locations":[{"start":{"line":1,"column":0},"end":{"line":30,"column":-509}}]}},"b":{"0":[0]},"fnMap":{"0":{"name":"(empty-report)","decl":{"start":{"line":1,"column":0},"end":{"line":30,"column":-509}},"loc":{"start":{"line":1,"column":0},"end":{"line":30,"column":-509}},"line":1}},"f":{"0":0}}
,"/home/docker/Proj/TATS/apps/traide-ui/src/app/layout.tsx": {"path":"/home/docker/Proj/TATS/apps/traide-ui/src/app/layout.tsx","all":true,"statementMap":{"0":{"start":{"line":1,"column":0},"end":{"line":1,"column":22}},"1":{"start":{"line":2,"column":0},"end":{"line":2,"column":38}},"2":{"start":{"line":3,"column":0},"end":{"line":3,"column":48}},"3":{"start":{"line":4,"column":0},"end":{"line":4,"column":52}},"4":{"start":{"line":5,"column":0},"end":{"line":5,"column":61}},"5":{"start":{"line":6,"column":0},"end":{"line":6,"column":53}},"6":{"start":{"line":7,"column":0},"end":{"line":7,"column":63}},"7":{"start":{"line":8,"column":0},"end":{"line":8,"column":51}},"8":{"start":{"line":9,"column":0},"end":{"line":9,"column":67}},"9":{"start":{"line":10,"column":0},"end":{"line":10,"column":0}},"10":{"start":{"line":11,"column":0},"end":{"line":11,"column":25}},"11":{"start":{"line":12,"column":0},"end":{"line":12,"column":48}},"12":{"start":{"line":13,"column":0},"end":{"line":13,"column":48}},"13":{"start":{"line":14,"column":0},"end":{"line":14,"column":1}},"14":{"start":{"line":15,"column":0},"end":{"line":15,"column":0}},"15":{"start":{"line":16,"column":0},"end":{"line":16,"column":75}},"16":{"start":{"line":17,"column":0},"end":{"line":17,"column":10}},"17":{"start":{"line":18,"column":0},"end":{"line":18,"column":37}},"18":{"start":{"line":19,"column":0},"end":{"line":19,"column":49}},"19":{"start":{"line":20,"column":0},"end":{"line":20,"column":27}},"20":{"start":{"line":21,"column":0},"end":{"line":21,"column":61}},"21":{"start":{"line":22,"column":0},"end":{"line":22,"column":31}},"22":{"start":{"line":23,"column":0},"end":{"line":23,"column":27}},"23":{"start":{"line":24,"column":0},"end":{"line":24,"column":33}},"24":{"start":{"line":25,"column":0},"end":{"line":25,"column":56}},"25":{"start":{"line":26,"column":0},"end":{"line":26,"column":104}},"26":{"start":{"line":27,"column":0},"end":{"line":27,"column":36}},"27":{"start":{"line":28,"column":0},"end":{"line":28,"column":28}},"28":{"start":{"line":29,"column":0},"end":{"line":29,"column":23}},"29":{"start":{"line":30,"column":0},"end":{"line":30,"column":36}},"30":{"start":{"line":31,"column":0},"end":{"line":31,"column":34}},"31":{"start":{"line":32,"column":0},"end":{"line":32,"column":28}},"32":{"start":{"line":33,"column":0},"end":{"line":33,"column":32}},"33":{"start":{"line":34,"column":0},"end":{"line":34,"column":30}},"34":{"start":{"line":35,"column":0},"end":{"line":35,"column":28}},"35":{"start":{"line":36,"column":0},"end":{"line":36,"column":13}},"36":{"start":{"line":37,"column":0},"end":{"line":37,"column":11}},"37":{"start":{"line":38,"column":0},"end":{"line":38,"column":3}},"38":{"start":{"line":39,"column":0},"end":{"line":39,"column":1}}},"s":{"0":0,"1":0,"2":0,"3":0,"4":0,"5":0,"6":0,"7":0,"8":0,"9":0,"10":0,"11":0,"12":0,"13":0,"14":0,"15":0,"16":0,"17":0,"18":0,"19":0,"20":0,"21":0,"22":0,"23":0,"24":0,"25":0,"26":0,"27":0,"28":0,"29":0,"30":0,"31":0,"32":0,"33":0,"34":0,"35":0,"36":0,"37":0,"38":0},"branchMap":{"0":{"type":"branch","line":1,"loc":{"start":{"line":1,"column":1428},"end":{"line":39,"column":1}},"locations":[{"start":{"line":1,"column":1428},"end":{"line":39,"column":1}}]}},"b":{"0":[0]},"fnMap":{"0":{"name":"(empty-report)","decl":{"start":{"line":1,"column":1428},"end":{"line":39,"column":1}},"loc":{"start":{"line":1,"column":1428},"end":{"line":39,"column":1}},"line":1}},"f":{"0":0}}
,"/home/docker/Proj/TATS/apps/traide-ui/src/app/page.tsx": {"path":"/home/docker/Proj/TATS/apps/traide-ui/src/app/page.tsx","all":true,"statementMap":{"0":{"start":{"line":1,"column":0},"end":{"line":1,"column":59}},"1":{"start":{"line":2,"column":0},"end":{"line":2,"column":0}},"2":{"start":{"line":3,"column":0},"end":{"line":3,"column":32}},"3":{"start":{"line":4,"column":0},"end":{"line":4,"column":75}},"4":{"start":{"line":5,"column":0},"end":{"line":5,"column":16}},"5":{"start":{"line":6,"column":0},"end":{"line":6,"column":61}},"6":{"start":{"line":7,"column":0},"end":{"line":7,"column":61}},"7":{"start":{"line":8,"column":0},"end":{"line":8,"column":65}},"8":{"start":{"line":9,"column":0},"end":{"line":9,"column":59}},"9":{"start":{"line":10,"column":0},"end":{"line":10,"column":59}},"10":{"start":{"line":11,"column":0},"end":{"line":11,"column":59}},"11":{"start":{"line":12,"column":0},"end":{"line":12,"column":12}},"12":{"start":{"line":13,"column":0},"end":{"line":13,"column":10}},"13":{"start":{"line":14,"column":0},"end":{"line":14,"column":30}},"14":{"start":{"line":15,"column":0},"end":{"line":15,"column":42}},"15":{"start":{"line":16,"column":0},"end":{"line":16,"column":103}},"16":{"start":{"line":17,"column":0},"end":{"line":17,"column":78}},"17":{"start":{"line":18,"column":0},"end":{"line":18,"column":12}},"18":{"start":{"line":19,"column":0},"end":{"line":19,"column":10}},"19":{"start":{"line":20,"column":0},"end":{"line":20,"column":3}},"20":{"start":{"line":21,"column":0},"end":{"line":21,"column":1}}},"s":{"0":0,"1":0,"2":0,"3":0,"4":0,"5":0,"6":0,"7":0,"8":0,"9":0,"10":0,"11":0,"12":0,"13":0,"14":0,"15":0,"16":0,"17":0,"18":0,"19":0,"20":0},"branchMap":{"0":{"type":"branch","line":1,"loc":{"start":{"line":1,"column":0},"end":{"line":21,"column":-202}},"locations":[{"start":{"line":1,"column":0},"end":{"line":21,"column":-202}}]}},"b":{"0":[0]},"fnMap":{"0":{"name":"(empty-report)","decl":{"start":{"line":1,"column":0},"end":{"line":21,"column":-202}},"loc":{"start":{"line":1,"column":0},"end":{"line":21,"column":-202}},"line":1}},"f":{"0":0}}
,"/home/docker/Proj/TATS/apps/traide-ui/src/app/api/mcp/[...path]/route.ts": {"path":"/home/docker/Proj/TATS/apps/traide-ui/src/app/api/mcp/[...path]/route.ts","all":false,"statementMap":{"0":{"start":{"line":1,"column":0},"end":{"line":1,"column":41}},"1":{"start":{"line":2,"column":0},"end":{"line":2,"column":0}},"2":{"start":{"line":3,"column":0},"end":{"line":3,"column":31}},"3":{"start":{"line":4,"column":0},"end":{"line":4,"column":0}},"4":{"start":{"line":5,"column":0},"end":{"line":5,"column":57}},"5":{"start":{"line":6,"column":0},"end":{"line":6,"column":64}},"6":{"start":{"line":7,"column":0},"end":{"line":7,"column":43}},"7":{"start":{"line":8,"column":0},"end":{"line":8,"column":21}},"8":{"start":{"line":9,"column":0},"end":{"line":9,"column":26}},"9":{"start":{"line":10,"column":0},"end":{"line":10,"column":61}},"10":{"start":{"line":11,"column":0},"end":{"line":11,"column":39}},"11":{"start":{"line":12,"column":0},"end":{"line":12,"column":54}},"12":{"start":{"line":13,"column":0},"end":{"line":13,"column":1}},"13":{"start":{"line":14,"column":0},"end":{"line":14,"column":56}},"14":{"start":{"line":15,"column":0},"end":{"line":15,"column":28}},"15":{"start":{"line":16,"column":0},"end":{"line":16,"column":28}},"16":{"start":{"line":17,"column":0},"end":{"line":17,"column":24}},"17":{"start":{"line":18,"column":0},"end":{"line":18,"column":61}},"18":{"start":{"line":19,"column":0},"end":{"line":19,"column":32}},"19":{"start":{"line":20,"column":0},"end":{"line":20,"column":19}},"20":{"start":{"line":21,"column":0},"end":{"line":21,"column":21}},"21":{"start":{"line":22,"column":0},"end":{"line":22,"column":12}},"22":{"start":{"line":23,"column":0},"end":{"line":23,"column":1}},"23":{"start":{"line":24,"column":0},"end":{"line":24,"column":49}},"24":{"start":{"line":25,"column":0},"end":{"line":25,"column":21}},"25":{"start":{"line":26,"column":0},"end":{"line":26,"column":29}},"26":{"start":{"line":27,"column":0},"end":{"line":27,"column":35}},"27":{"start":{"line":28,"column":0},"end":{"line":28,"column":28}},"28":{"start":{"line":29,"column":0},"end":{"line":29,"column":66}},"29":{"start":{"line":30,"column":0},"end":{"line":30,"column":29}},"30":{"start":{"line":31,"column":0},"end":{"line":31,"column":24}},"31":{"start":{"line":32,"column":0},"end":{"line":32,"column":3}},"32":{"start":{"line":33,"column":0},"end":{"line":33,"column":1}},"33":{"start":{"line":34,"column":0},"end":{"line":34,"column":61}},"34":{"start":{"line":35,"column":0},"end":{"line":35,"column":62}},"35":{"start":{"line":36,"column":0},"end":{"line":36,"column":59}},"36":{"start":{"line":37,"column":0},"end":{"line":37,"column":13}},"37":{"start":{"line":38,"column":0},"end":{"line":38,"column":37}},"38":{"start":{"line":39,"column":0},"end":{"line":39,"column":18}},"39":{"start":{"line":40,"column":0},"end":{"line":40,"column":0}},"40":{"start":{"line":41,"column":0},"end":{"line":41,"column":47}},"41":{"start":{"line":42,"column":0},"end":{"line":42,"column":19}},"42":{"start":{"line":43,"column":0},"end":{"line":43,"column":53}},"43":{"start":{"line":44,"column":0},"end":{"line":44,"column":15}},"44":{"start":{"line":45,"column":0},"end":{"line":45,"column":31}},"45":{"start":{"line":46,"column":0},"end":{"line":46,"column":16}},"46":{"start":{"line":47,"column":0},"end":{"line":47,"column":51}},"47":{"start":{"line":48,"column":0},"end":{"line":48,"column":10}},"48":{"start":{"line":49,"column":0},"end":{"line":49,"column":52}},"49":{"start":{"line":50,"column":0},"end":{"line":50,"column":32}},"50":{"start":{"line":51,"column":0},"end":{"line":51,"column":33}},"51":{"start":{"line":52,"column":0},"end":{"line":52,"column":49}},"52":{"start":{"line":53,"column":0},"end":{"line":53,"column":61}},"53":{"start":{"line":54,"column":0},"end":{"line":54,"column":49}},"54":{"start":{"line":55,"column":0},"end":{"line":55,"column":3}},"55":{"start":{"line":56,"column":0},"end":{"line":56,"column":14}},"56":{"start":{"line":57,"column":0},"end":{"line":57,"column":1}},"57":{"start":{"line":58,"column":0},"end":{"line":58,"column":0}},"58":{"start":{"line":59,"column":0},"end":{"line":59,"column":39}},"59":{"start":{"line":60,"column":0},"end":{"line":60,"column":84}},"60":{"start":{"line":61,"column":0},"end":{"line":61,"column":60}},"61":{"start":{"line":62,"column":0},"end":{"line":62,"column":60}},"62":{"start":{"line":63,"column":0},"end":{"line":63,"column":35}},"63":{"start":{"line":64,"column":0},"end":{"line":64,"column":3}},"64":{"start":{"line":65,"column":0},"end":{"line":65,"column":82}},"65":{"start":{"line":66,"column":0},"end":{"line":66,"column":74}},"66":{"start":{"line":67,"column":0},"end":{"line":67,"column":46}},"67":{"start":{"line":68,"column":0},"end":{"line":68,"column":31}},"68":{"start":{"line":69,"column":0},"end":{"line":69,"column":56}},"69":{"start":{"line":70,"column":0},"end":{"line":70,"column":35}},"70":{"start":{"line":71,"column":0},"end":{"line":71,"column":3}},"71":{"start":{"line":72,"column":0},"end":{"line":72,"column":71}},"72":{"start":{"line":73,"column":0},"end":{"line":73,"column":41}},"73":{"start":{"line":74,"column":0},"end":{"line":74,"column":81}},"74":{"start":{"line":75,"column":0},"end":{"line":75,"column":7}},"75":{"start":{"line":76,"column":0},"end":{"line":76,"column":26}},"76":{"start":{"line":77,"column":0},"end":{"line":77,"column":84}},"77":{"start":{"line":78,"column":0},"end":{"line":78,"column":37}},"78":{"start":{"line":79,"column":0},"end":{"line":79,"column":73}},"79":{"start":{"line":80,"column":0},"end":{"line":80,"column":93}},"80":{"start":{"line":81,"column":0},"end":{"line":81,"column":19}},"81":{"start":{"line":82,"column":0},"end":{"line":82,"column":11}},"82":{"start":{"line":83,"column":0},"end":{"line":83,"column":35}},"83":{"start":{"line":84,"column":0},"end":{"line":84,"column":3}},"84":{"start":{"line":85,"column":0},"end":{"line":85,"column":1}},"85":{"start":{"line":86,"column":0},"end":{"line":86,"column":0}},"86":{"start":{"line":87,"column":0},"end":{"line":87,"column":43}},"87":{"start":{"line":88,"column":0},"end":{"line":88,"column":49}},"88":{"start":{"line":89,"column":0},"end":{"line":89,"column":62}},"89":{"start":{"line":90,"column":0},"end":{"line":90,"column":31}},"90":{"start":{"line":91,"column":0},"end":{"line":91,"column":25}},"91":{"start":{"line":92,"column":0},"end":{"line":92,"column":1}},"92":{"start":{"line":93,"column":0},"end":{"line":93,"column":0}},"93":{"start":{"line":94,"column":0},"end":{"line":94,"column":60}},"94":{"start":{"line":95,"column":0},"end":{"line":95,"column":33}},"95":{"start":{"line":96,"column":0},"end":{"line":96,"column":66}},"96":{"start":{"line":97,"column":0},"end":{"line":97,"column":17}},"97":{"start":{"line":98,"column":0},"end":{"line":98,"column":29}},"98":{"start":{"line":99,"column":0},"end":{"line":99,"column":14}},"99":{"start":{"line":100,"column":0},"end":{"line":100,"column":90}},"100":{"start":{"line":101,"column":0},"end":{"line":101,"column":50}},"101":{"start":{"line":102,"column":0},"end":{"line":102,"column":52}},"102":{"start":{"line":103,"column":0},"end":{"line":103,"column":61}},"103":{"start":{"line":104,"column":0},"end":{"line":104,"column":7}},"104":{"start":{"line":105,"column":0},"end":{"line":105,"column":61}},"105":{"start":{"line":106,"column":0},"end":{"line":106,"column":5}},"106":{"start":{"line":107,"column":0},"end":{"line":107,"column":3}},"107":{"start":{"line":108,"column":0},"end":{"line":108,"column":34}},"108":{"start":{"line":109,"column":0},"end":{"line":109,"column":49}},"109":{"start":{"line":110,"column":0},"end":{"line":110,"column":19}},"110":{"start":{"line":111,"column":0},"end":{"line":111,"column":7}},"111":{"start":{"line":112,"column":0},"end":{"line":112,"column":28}},"112":{"start":{"line":113,"column":0},"end":{"line":113,"column":46}},"113":{"start":{"line":114,"column":0},"end":{"line":114,"column":41}},"114":{"start":{"line":115,"column":0},"end":{"line":115,"column":105}},"115":{"start":{"line":116,"column":0},"end":{"line":116,"column":80}},"116":{"start":{"line":117,"column":0},"end":{"line":117,"column":21}},"117":{"start":{"line":118,"column":0},"end":{"line":118,"column":25}},"118":{"start":{"line":119,"column":0},"end":{"line":119,"column":24}},"119":{"start":{"line":120,"column":0},"end":{"line":120,"column":24}},"120":{"start":{"line":121,"column":0},"end":{"line":121,"column":21}},"121":{"start":{"line":122,"column":0},"end":{"line":122,"column":15}},"122":{"start":{"line":123,"column":0},"end":{"line":123,"column":20}},"123":{"start":{"line":124,"column":0},"end":{"line":124,"column":97}},"124":{"start":{"line":125,"column":0},"end":{"line":125,"column":66}},"125":{"start":{"line":126,"column":0},"end":{"line":126,"column":118}},"126":{"start":{"line":127,"column":0},"end":{"line":127,"column":13}},"127":{"start":{"line":128,"column":0},"end":{"line":128,"column":20}},"128":{"start":{"line":129,"column":0},"end":{"line":129,"column":3}},"129":{"start":{"line":130,"column":0},"end":{"line":130,"column":58}},"130":{"start":{"line":131,"column":0},"end":{"line":131,"column":50}},"131":{"start":{"line":132,"column":0},"end":{"line":132,"column":41}},"132":{"start":{"line":133,"column":0},"end":{"line":133,"column":35}},"133":{"start":{"line":134,"column":0},"end":{"line":134,"column":25}},"134":{"start":{"line":135,"column":0},"end":{"line":135,"column":16}},"135":{"start":{"line":136,"column":0},"end":{"line":136,"column":44}},"136":{"start":{"line":137,"column":0},"end":{"line":137,"column":36}},"137":{"start":{"line":138,"column":0},"end":{"line":138,"column":35}},"138":{"start":{"line":139,"column":0},"end":{"line":139,"column":30}},"139":{"start":{"line":140,"column":0},"end":{"line":140,"column":8}},"140":{"start":{"line":141,"column":0},"end":{"line":141,"column":6}},"141":{"start":{"line":142,"column":0},"end":{"line":142,"column":3}},"142":{"start":{"line":143,"column":0},"end":{"line":143,"column":42}},"143":{"start":{"line":144,"column":0},"end":{"line":144,"column":68}},"144":{"start":{"line":145,"column":0},"end":{"line":145,"column":73}},"145":{"start":{"line":146,"column":0},"end":{"line":146,"column":138}},"146":{"start":{"line":147,"column":0},"end":{"line":147,"column":3}},"147":{"start":{"line":148,"column":0},"end":{"line":148,"column":36}},"148":{"start":{"line":149,"column":0},"end":{"line":149,"column":76}},"149":{"start":{"line":150,"column":0},"end":{"line":150,"column":138}},"150":{"start":{"line":151,"column":0},"end":{"line":151,"column":3}},"151":{"start":{"line":152,"column":0},"end":{"line":152,"column":83}},"152":{"start":{"line":153,"column":0},"end":{"line":153,"column":127}},"153":{"start":{"line":154,"column":0},"end":{"line":154,"column":1}},"154":{"start":{"line":155,"column":0},"end":{"line":155,"column":0}},"155":{"start":{"line":156,"column":0},"end":{"line":156,"column":65}},"156":{"start":{"line":157,"column":0},"end":{"line":157,"column":66}}},"s":{"0":1,"1":1,"2":1,"3":1,"4":1,"5":1,"6":1,"7":1,"8":56,"9":56,"10":56,"11":56,"12":56,"13":59,"14":59,"15":59,"16":2,"17":59,"18":2,"19":2,"20":2,"21":2,"22":2,"23":54,"24":54,"25":54,"26":54,"27":54,"28":3,"29":3,"30":3,"31":3,"32":54,"33":1,"34":1,"35":1,"36":1,"37":1,"38":1,"39":1,"40":1,"41":1,"42":1,"43":1,"44":1,"45":1,"46":1,"47":1,"48":1,"49":1,"50":1,"51":1,"52":1,"53":1,"54":1,"55":0,"56":0,"57":1,"58":65,"59":65,"60":65,"61":65,"62":0,"63":0,"64":65,"65":65,"66":65,"67":0,"68":0,"69":0,"70":0,"71":65,"72":65,"73":65,"74":65,"75":65,"76":65,"77":65,"78":65,"79":65,"80":63,"81":65,"82":2,"83":2,"84":65,"85":1,"86":65,"87":65,"88":65,"89":65,"90":65,"91":65,"92":1,"93":65,"94":65,"95":65,"96":65,"97":59,"98":59,"99":2,"100":2,"101":2,"102":2,"103":2,"104":2,"105":2,"106":59,"107":63,"108":63,"109":63,"110":63,"111":63,"112":63,"113":65,"114":65,"115":65,"116":65,"117":65,"118":65,"119":65,"120":65,"121":65,"122":0,"123":0,"124":0,"125":0,"126":65,"127":63,"128":63,"129":63,"130":65,"131":65,"132":2,"133":2,"134":2,"135":2,"136":2,"137":2,"138":2,"139":2,"140":2,"141":2,"142":61,"143":65,"144":65,"145":1,"146":1,"147":60,"148":65,"149":1,"150":1,"151":65,"152":65,"153":65,"154":1,"155":64,"156":1},"branchMap":{"0":{"type":"branch","line":36,"loc":{"start":{"line":36,"column":35},"end":{"line":36,"column":59}},"locations":[{"start":{"line":36,"column":35},"end":{"line":36,"column":59}}]},"1":{"type":"branch","line":9,"loc":{"start":{"line":9,"column":0},"end":{"line":13,"column":1}},"locations":[{"start":{"line":9,"column":0},"end":{"line":13,"column":1}}]},"2":{"type":"branch","line":10,"loc":{"start":{"line":10,"column":33},"end":{"line":10,"column":60}},"locations":[{"start":{"line":10,"column":33},"end":{"line":10,"column":60}}]},"3":{"type":"branch","line":11,"loc":{"start":{"line":11,"column":29},"end":{"line":11,"column":39}},"locations":[{"start":{"line":11,"column":29},"end":{"line":11,"column":39}}]},"4":{"type":"branch","line":14,"loc":{"start":{"line":14,"column":0},"end":{"line":23,"column":1}},"locations":[{"start":{"line":14,"column":0},"end":{"line":23,"column":1}}]},"5":{"type":"branch","line":16,"loc":{"start":{"line":16,"column":12},"end":{"line":16,"column":28}},"locations":[{"start":{"line":16,"column":12},"end":{"line":16,"column":28}}]},"6":{"type":"branch","line":16,"loc":{"start":{"line":16,"column":19},"end":{"line":18,"column":22}},"locations":[{"start":{"line":16,"column":19},"end":{"line":18,"column":22}}]},"7":{"type":"branch","line":18,"loc":{"start":{"line":18,"column":22},"end":{"line":18,"column":61}},"locations":[{"start":{"line":18,"column":22},"end":{"line":18,"column":61}}]},"8":{"type":"branch","line":18,"loc":{"start":{"line":18,"column":60},"end":{"line":23,"column":1}},"locations":[{"start":{"line":18,"column":60},"end":{"line":23,"column":1}}]},"9":{"type":"branch","line":24,"loc":{"start":{"line":24,"column":0},"end":{"line":33,"column":1}},"locations":[{"start":{"line":24,"column":0},"end":{"line":33,"column":1}}]},"10":{"type":"branch","line":28,"loc":{"start":{"line":28,"column":27},"end":{"line":32,"column":3}},"locations":[{"start":{"line":28,"column":27},"end":{"line":32,"column":3}}]},"11":{"type":"branch","line":30,"loc":{"start":{"line":30,"column":24},"end":{"line":30,"column":29}},"locations":[{"start":{"line":30,"column":24},"end":{"line":30,"column":29}}]},"12":{"type":"branch","line":38,"loc":{"start":{"line":38,"column":7},"end":{"line":38,"column":36}},"locations":[{"start":{"line":38,"column":7},"end":{"line":38,"column":36}}]},"13":{"type":"branch","line":41,"loc":{"start":{"line":41,"column":0},"end":{"line":57,"column":1}},"locations":[{"start":{"line":41,"column":0},"end":{"line":57,"column":1}}]},"14":{"type":"branch","line":43,"loc":{"start":{"line":43,"column":42},"end":{"line":43,"column":53}},"locations":[{"start":{"line":43,"column":42},"end":{"line":43,"column":53}}]},"15":{"type":"branch","line":50,"loc":{"start":{"line":50,"column":21},"end":{"line":50,"column":32}},"locations":[{"start":{"line":50,"column":21},"end":{"line":50,"column":32}}]},"16":{"type":"branch","line":51,"loc":{"start":{"line":51,"column":29},"end":{"line":52,"column":38}},"locations":[{"start":{"line":51,"column":29},"end":{"line":52,"column":38}}]},"17":{"type":"branch","line":52,"loc":{"start":{"line":52,"column":38},"end":{"line":53,"column":38}},"locations":[{"start":{"line":52,"column":38},"end":{"line":53,"column":38}}]},"18":{"type":"branch","line":53,"loc":{"start":{"line":53,"column":32},"end":{"line":53,"column":50}},"locations":[{"start":{"line":53,"column":32},"end":{"line":53,"column":50}}]},"19":{"type":"branch","line":53,"loc":{"start":{"line":53,"column":50},"end":{"line":54,"column":38}},"locations":[{"start":{"line":53,"column":50},"end":{"line":54,"column":38}}]},"20":{"type":"branch","line":54,"loc":{"start":{"line":54,"column":38},"end":{"line":54,"column":49}},"locations":[{"start":{"line":54,"column":38},"end":{"line":54,"column":49}}]},"21":{"type":"branch","line":55,"loc":{"start":{"line":55,"column":2},"end":{"line":57,"column":1}},"locations":[{"start":{"line":55,"column":2},"end":{"line":57,"column":1}}]},"22":{"type":"branch","line":49,"loc":{"start":{"line":49,"column":29},"end":{"line":49,"column":51}},"locations":[{"start":{"line":49,"column":29},"end":{"line":49,"column":51}}]},"23":{"type":"branch","line":59,"loc":{"start":{"line":59,"column":0},"end":{"line":85,"column":1}},"locations":[{"start":{"line":59,"column":0},"end":{"line":85,"column":1}}]},"24":{"type":"branch","line":62,"loc":{"start":{"line":62,"column":59},"end":{"line":64,"column":3}},"locations":[{"start":{"line":62,"column":59},"end":{"line":64,"column":3}}]},"25":{"type":"branch","line":67,"loc":{"start":{"line":67,"column":45},"end":{"line":71,"column":3}},"locations":[{"start":{"line":67,"column":45},"end":{"line":71,"column":3}}]},"26":{"type":"branch","line":74,"loc":{"start":{"line":74,"column":40},"end":{"line":74,"column":57}},"locations":[{"start":{"line":74,"column":40},"end":{"line":74,"column":57}}]},"27":{"type":"branch","line":74,"loc":{"start":{"line":74,"column":46},"end":{"line":74,"column":81}},"locations":[{"start":{"line":74,"column":46},"end":{"line":74,"column":81}}]},"28":{"type":"branch","line":77,"loc":{"start":{"line":77,"column":23},"end":{"line":77,"column":59}},"locations":[{"start":{"line":77,"column":23},"end":{"line":77,"column":59}}]},"29":{"type":"branch","line":77,"loc":{"start":{"line":77,"column":59},"end":{"line":77,"column":84}},"locations":[{"start":{"line":77,"column":59},"end":{"line":77,"column":84}}]},"30":{"type":"branch","line":79,"loc":{"start":{"line":79,"column":9},"end":{"line":79,"column":47}},"locations":[{"start":{"line":79,"column":9},"end":{"line":79,"column":47}}]},"31":{"type":"branch","line":79,"loc":{"start":{"line":79,"column":47},"end":{"line":79,"column":73}},"locations":[{"start":{"line":79,"column":47},"end":{"line":79,"column":73}}]},"32":{"type":"branch","line":79,"loc":{"start":{"line":79,"column":72},"end":{"line":80,"column":63}},"locations":[{"start":{"line":79,"column":72},"end":{"line":80,"column":63}}]},"33":{"type":"branch","line":80,"loc":{"start":{"line":80,"column":22},"end":{"line":80,"column":63}},"locations":[{"start":{"line":80,"column":22},"end":{"line":80,"column":63}}]},"34":{"type":"branch","line":80,"loc":{"start":{"line":80,"column":63},"end":{"line":80,"column":93}},"locations":[{"start":{"line":80,"column":63},"end":{"line":80,"column":93}}]},"35":{"type":"branch","line":80,"loc":{"start":{"line":80,"column":92},"end":{"line":82,"column":10}},"locations":[{"start":{"line":80,"column":92},"end":{"line":82,"column":10}}]},"36":{"type":"branch","line":82,"loc":{"start":{"line":82,"column":2},"end":{"line":84,"column":3}},"locations":[{"start":{"line":82,"column":2},"end":{"line":84,"column":3}}]},"37":{"type":"branch","line":87,"loc":{"start":{"line":87,"column":0},"end":{"line":92,"column":1}},"locations":[{"start":{"line":87,"column":0},"end":{"line":92,"column":1}}]},"38":{"type":"branch","line":94,"loc":{"start":{"line":94,"column":0},"end":{"line":154,"column":1}},"locations":[{"start":{"line":94,"column":0},"end":{"line":154,"column":1}}]},"39":{"type":"branch","line":96,"loc":{"start":{"line":96,"column":34},"end":{"line":96,"column":66}},"locations":[{"start":{"line":96,"column":34},"end":{"line":96,"column":66}}]},"40":{"type":"branch","line":97,"loc":{"start":{"line":97,"column":16},"end":{"line":107,"column":3}},"locations":[{"start":{"line":97,"column":16},"end":{"line":107,"column":3}}]},"41":{"type":"branch","line":99,"loc":{"start":{"line":99,"column":13},"end":{"line":106,"column":5}},"locations":[{"start":{"line":99,"column":13},"end":{"line":106,"column":5}}]},"42":{"type":"branch","line":107,"loc":{"start":{"line":107,"column":2},"end":{"line":114,"column":20}},"locations":[{"start":{"line":107,"column":2},"end":{"line":114,"column":20}}]},"43":{"type":"branch","line":114,"loc":{"start":{"line":114,"column":14},"end":{"line":114,"column":30}},"locations":[{"start":{"line":114,"column":14},"end":{"line":114,"column":30}}]},"44":{"type":"branch","line":114,"loc":{"start":{"line":114,"column":20},"end":{"line":114,"column":41}},"locations":[{"start":{"line":114,"column":20},"end":{"line":114,"column":41}}]},"45":{"type":"branch","line":115,"loc":{"start":{"line":115,"column":12},"end":{"line":115,"column":27}},"locations":[{"start":{"line":115,"column":12},"end":{"line":115,"column":27}}]},"46":{"type":"branch","line":115,"loc":{"start":{"line":115,"column":18},"end":{"line":115,"column":105}},"locations":[{"start":{"line":115,"column":18},"end":{"line":115,"column":105}}]},"47":{"type":"branch","line":115,"loc":{"start":{"line":115,"column":42},"end":{"line":115,"column":75}},"locations":[{"start":{"line":115,"column":42},"end":{"line":115,"column":75}}]},"48":{"type":"branch","line":115,"loc":{"start":{"line":115,"column":66},"end":{"line":115,"column":94}},"locations":[{"start":{"line":115,"column":66},"end":{"line":115,"column":94}}]},"49":{"type":"branch","line":115,"loc":{"start":{"line":115,"column":90},"end":{"line":115,"column":105}},"locations":[{"start":{"line":115,"column":90},"end":{"line":115,"column":105}}]},"50":{"type":"branch","line":116,"loc":{"start":{"line":116,"column":63},"end":{"line":116,"column":78}},"locations":[{"start":{"line":116,"column":63},"end":{"line":116,"column":78}}]},"51":{"type":"branch","line":121,"loc":{"start":{"line":121,"column":20},"end":{"line":122,"column":11}},"locations":[{"start":{"line":121,"column":20},"end":{"line":122,"column":11}}]},"52":{"type":"branch","line":122,"loc":{"start":{"line":122,"column":2},"end":{"line":127,"column":4}},"locations":[{"start":{"line":122,"column":2},"end":{"line":127,"column":4}}]},"53":{"type":"branch","line":127,"loc":{"start":{"line":127,"column":2},"end":{"line":131,"column":48}},"locations":[{"start":{"line":127,"column":2},"end":{"line":131,"column":48}}]},"54":{"type":"branch","line":131,"loc":{"start":{"line":131,"column":43},"end":{"line":131,"column":50}},"locations":[{"start":{"line":131,"column":43},"end":{"line":131,"column":50}}]},"55":{"type":"branch","line":132,"loc":{"start":{"line":132,"column":40},"end":{"line":142,"column":3}},"locations":[{"start":{"line":132,"column":40},"end":{"line":142,"column":3}}]},"56":{"type":"branch","line":142,"loc":{"start":{"line":142,"column":2},"end":{"line":144,"column":65}},"locations":[{"start":{"line":142,"column":2},"end":{"line":144,"column":65}}]},"57":{"type":"branch","line":142,"loc":{"start":{"line":142,"column":2},"end":{"line":144,"column":60}},"locations":[{"start":{"line":142,"column":2},"end":{"line":144,"column":60}}]},"58":{"type":"branch","line":144,"loc":{"start":{"line":144,"column":55},"end":{"line":144,"column":65}},"locations":[{"start":{"line":144,"column":55},"end":{"line":144,"column":65}}]},"59":{"type":"branch","line":145,"loc":{"start":{"line":145,"column":38},"end":{"line":145,"column":50}},"locations":[{"start":{"line":145,"column":38},"end":{"line":145,"column":50}}]},"60":{"type":"branch","line":145,"loc":{"start":{"line":145,"column":43},"end":{"line":145,"column":72}},"locations":[{"start":{"line":145,"column":43},"end":{"line":145,"column":72}}]},"61":{"type":"branch","line":145,"loc":{"start":{"line":145,"column":72},"end":{"line":147,"column":3}},"locations":[{"start":{"line":145,"column":72},"end":{"line":147,"column":3}}]},"62":{"type":"branch","line":147,"loc":{"start":{"line":147,"column":2},"end":{"line":149,"column":75}},"locations":[{"start":{"line":147,"column":2},"end":{"line":149,"column":75}}]},"63":{"type":"branch","line":149,"loc":{"start":{"line":149,"column":75},"end":{"line":151,"column":3}},"locations":[{"start":{"line":149,"column":75},"end":{"line":151,"column":3}}]},"64":{"type":"branch","line":151,"loc":{"start":{"line":151,"column":2},"end":{"line":152,"column":26}},"locations":[{"start":{"line":151,"column":2},"end":{"line":152,"column":26}}]},"65":{"type":"branch","line":151,"loc":{"start":{"line":151,"column":2},"end":{"line":152,"column":18}},"locations":[{"start":{"line":151,"column":2},"end":{"line":152,"column":18}}]},"66":{"type":"branch","line":152,"loc":{"start":{"line":152,"column":6},"end":{"line":152,"column":26}},"locations":[{"start":{"line":152,"column":6},"end":{"line":152,"column":26}}]},"67":{"type":"branch","line":152,"loc":{"start":{"line":152,"column":26},"end":{"line":153,"column":81}},"locations":[{"start":{"line":152,"column":26},"end":{"line":153,"column":81}}]},"68":{"type":"branch","line":152,"loc":{"start":{"line":152,"column":26},"end":{"line":152,"column":83}},"locations":[{"start":{"line":152,"column":26},"end":{"line":152,"column":83}}]},"69":{"type":"branch","line":152,"loc":{"start":{"line":152,"column":82},"end":{"line":153,"column":81}},"locations":[{"start":{"line":152,"column":82},"end":{"line":153,"column":81}}]},"70":{"type":"branch","line":153,"loc":{"start":{"line":153,"column":75},"end":{"line":153,"column":101}},"locations":[{"start":{"line":153,"column":75},"end":{"line":153,"column":101}}]},"71":{"type":"branch","line":156,"loc":{"start":{"line":156,"column":0},"end":{"line":156,"column":65}},"locations":[{"start":{"line":156,"column":0},"end":{"line":156,"column":65}}]},"72":{"type":"branch","line":157,"loc":{"start":{"line":157,"column":0},"end":{"line":157,"column":66}},"locations":[{"start":{"line":157,"column":0},"end":{"line":157,"column":66}}]}},"b":{"0":[6],"1":[56],"2":[2],"3":[0],"4":[59],"5":[57],"6":[2],"7":[0],"8":[2],"9":[54],"10":[3],"11":[0],"12":[10],"13":[1],"14":[0],"15":[0],"16":[0],"17":[0],"18":[0],"19":[0],"20":[0],"21":[0],"22":[4],"23":[65],"24":[0],"25":[0],"26":[0],"27":[0],"28":[0],"29":[0],"30":[1],"31":[1],"32":[64],"33":[4],"34":[1],"35":[63],"36":[2],"37":[65],"38":[65],"39":[64],"40":[59],"41":[2],"42":[63],"43":[0],"44":[63],"45":[0],"46":[63],"47":[1],"48":[1],"49":[62],"50":[62],"51":[63],"52":[0],"53":[63],"54":[0],"55":[2],"56":[64],"57":[61],"58":[60],"59":[61],"60":[1],"61":[1],"62":[60],"63":[1],"64":[64],"65":[59],"66":[54],"67":[64],"68":[54],"69":[59],"70":[0],"71":[64],"72":[1]},"fnMap":{"0":{"name":"cacheCapacity","decl":{"start":{"line":9,"column":0},"end":{"line":13,"column":1}},"loc":{"start":{"line":9,"column":0},"end":{"line":13,"column":1}},"line":9},"1":{"name":"cacheGet","decl":{"start":{"line":14,"column":0},"end":{"line":23,"column":1}},"loc":{"start":{"line":14,"column":0},"end":{"line":23,"column":1}},"line":14},"2":{"name":"cacheSet","decl":{"start":{"line":24,"column":0},"end":{"line":33,"column":1}},"loc":{"start":{"line":24,"column":0},"end":{"line":33,"column":1}},"line":24},"3":{"name":"isPrivateHost","decl":{"start":{"line":41,"column":0},"end":{"line":57,"column":1}},"loc":{"start":{"line":41,"column":0},"end":{"line":57,"column":1}},"line":41},"4":{"name":"targetBase","decl":{"start":{"line":59,"column":0},"end":{"line":85,"column":1}},"loc":{"start":{"line":59,"column":0},"end":{"line":85,"column":1}},"line":59},"5":{"name":"buildTargetUrl","decl":{"start":{"line":87,"column":0},"end":{"line":92,"column":1}},"loc":{"start":{"line":87,"column":0},"end":{"line":92,"column":1}},"line":87},"6":{"name":"proxy","decl":{"start":{"line":94,"column":0},"end":{"line":154,"column":1}},"loc":{"start":{"line":94,"column":0},"end":{"line":154,"column":1}},"line":94},"7":{"name":"GET","decl":{"start":{"line":156,"column":0},"end":{"line":156,"column":65}},"loc":{"start":{"line":156,"column":0},"end":{"line":156,"column":65}},"line":156},"8":{"name":"POST","decl":{"start":{"line":157,"column":0},"end":{"line":157,"column":66}},"loc":{"start":{"line":157,"column":0},"end":{"line":157,"column":66}},"line":157}},"f":{"0":56,"1":59,"2":54,"3":1,"4":65,"5":65,"6":65,"7":64,"8":1}}
,"/home/docker/Proj/TATS/apps/traide-ui/src/app/app/page.tsx": {"path":"/home/docker/Proj/TATS/apps/traide-ui/src/app/app/page.tsx","all":true,"statementMap":{"0":{"start":{"line":1,"column":0},"end":{"line":1,"column":12}},"1":{"start":{"line":2,"column":0},"end":{"line":2,"column":33}},"2":{"start":{"line":3,"column":0},"end":{"line":3,"column":43}},"3":{"start":{"line":4,"column":0},"end":{"line":4,"column":0}},"4":{"start":{"line":5,"column":0},"end":{"line":5,"column":36}},"5":{"start":{"line":6,"column":0},"end":{"line":6,"column":28}},"6":{"start":{"line":7,"column":0},"end":{"line":7,"column":65}},"7":{"start":{"line":8,"column":0},"end":{"line":8,"column":13}},"8":{"start":{"line":9,"column":0},"end":{"line":9,"column":1}}},"s":{"0":0,"1":0,"2":0,"3":0,"4":0,"5":0,"6":0,"7":0,"8":0},"branchMap":{"0":{"type":"branch","line":1,"loc":{"start":{"line":1,"column":0},"end":{"line":9,"column":-111}},"locations":[{"start":{"line":1,"column":0},"end":{"line":9,"column":-111}}]}},"b":{"0":[0]},"fnMap":{"0":{"name":"(empty-report)","decl":{"start":{"line":1,"column":0},"end":{"line":9,"column":-111}},"loc":{"start":{"line":1,"column":0},"end":{"line":9,"column":-111}},"line":1}},"f":{"0":0}}
,"/home/docker/Proj/TATS/apps/traide-ui/src/app/app/chart/[symbol]/page.tsx": {"path":"/home/docker/Proj/TATS/apps/traide-ui/src/app/app/chart/[symbol]/page.tsx","all":true,"statementMap":{"0":{"start":{"line":1,"column":0},"end":{"line":1,"column":12}},"1":{"start":{"line":2,"column":0},"end":{"line":2,"column":33}},"2":{"start":{"line":3,"column":0},"end":{"line":3,"column":60}},"3":{"start":{"line":4,"column":0},"end":{"line":4,"column":0}},"4":{"start":{"line":5,"column":0},"end":{"line":5,"column":79}},"5":{"start":{"line":6,"column":0},"end":{"line":6,"column":28}},"6":{"start":{"line":7,"column":0},"end":{"line":7,"column":30}},"7":{"start":{"line":8,"column":0},"end":{"line":8,"column":19}},"8":{"start":{"line":9,"column":0},"end":{"line":9,"column":82}},"9":{"start":{"line":10,"column":0},"end":{"line":10,"column":35}},"10":{"start":{"line":11,"column":0},"end":{"line":11,"column":101}},"11":{"start":{"line":12,"column":0},"end":{"line":12,"column":33}},"12":{"start":{"line":13,"column":0},"end":{"line":13,"column":13}},"13":{"start":{"line":14,"column":0},"end":{"line":14,"column":1}}},"s":{"0":0,"1":0,"2":0,"3":0,"4":0,"5":0,"6":0,"7":0,"8":0,"9":0,"10":0,"11":0,"12":0,"13":0},"branchMap":{"0":{"type":"branch","line":1,"loc":{"start":{"line":1,"column":0},"end":{"line":14,"column":-151}},"locations":[{"start":{"line":1,"column":0},"end":{"line":14,"column":-151}}]}},"b":{"0":[0]},"fnMap":{"0":{"name":"(empty-report)","decl":{"start":{"line":1,"column":0},"end":{"line":14,"column":-151}},"loc":{"start":{"line":1,"column":0},"end":{"line":14,"column":-151}},"line":1}},"f":{"0":0}}
,"/home/docker/Proj/TATS/apps/traide-ui/src/app/app/dashboard/page.tsx": {"path":"/home/docker/Proj/TATS/apps/traide-ui/src/app/app/dashboard/page.tsx","all":true,"statementMap":{"0":{"start":{"line":1,"column":0},"end":{"line":1,"column":12}},"1":{"start":{"line":2,"column":0},"end":{"line":2,"column":33}},"2":{"start":{"line":3,"column":0},"end":{"line":3,"column":49}},"3":{"start":{"line":4,"column":0},"end":{"line":4,"column":59}},"4":{"start":{"line":5,"column":0},"end":{"line":5,"column":43}},"5":{"start":{"line":6,"column":0},"end":{"line":6,"column":0}},"6":{"start":{"line":7,"column":0},"end":{"line":7,"column":41}},"7":{"start":{"line":8,"column":0},"end":{"line":8,"column":30}},"8":{"start":{"line":9,"column":0},"end":{"line":9,"column":35}},"9":{"start":{"line":10,"column":0},"end":{"line":10,"column":19}},"10":{"start":{"line":11,"column":0},"end":{"line":11,"column":54}},"11":{"start":{"line":12,"column":0},"end":{"line":12,"column":49}},"12":{"start":{"line":13,"column":0},"end":{"line":13,"column":68}},"13":{"start":{"line":14,"column":0},"end":{"line":14,"column":21}},"14":{"start":{"line":15,"column":0},"end":{"line":15,"column":10}},"15":{"start":{"line":16,"column":0},"end":{"line":16,"column":39}},"16":{"start":{"line":17,"column":0},"end":{"line":17,"column":62}},"17":{"start":{"line":18,"column":0},"end":{"line":18,"column":74}},"18":{"start":{"line":19,"column":0},"end":{"line":19,"column":74}},"19":{"start":{"line":20,"column":0},"end":{"line":20,"column":12}},"20":{"start":{"line":21,"column":0},"end":{"line":21,"column":20}},"21":{"start":{"line":22,"column":0},"end":{"line":22,"column":10}},"22":{"start":{"line":23,"column":0},"end":{"line":23,"column":3}},"23":{"start":{"line":24,"column":0},"end":{"line":24,"column":1}}},"s":{"0":0,"1":0,"2":0,"3":0,"4":0,"5":0,"6":0,"7":0,"8":0,"9":0,"10":0,"11":0,"12":0,"13":0,"14":0,"15":0,"16":0,"17":0,"18":0,"19":0,"20":0,"21":0,"22":0,"23":0},"branchMap":{"0":{"type":"branch","line":1,"loc":{"start":{"line":1,"column":0},"end":{"line":24,"column":-471}},"locations":[{"start":{"line":1,"column":0},"end":{"line":24,"column":-471}}]}},"b":{"0":[0]},"fnMap":{"0":{"name":"(empty-report)","decl":{"start":{"line":1,"column":0},"end":{"line":24,"column":-471}},"loc":{"start":{"line":1,"column":0},"end":{"line":24,"column":-471}},"line":1}},"f":{"0":0}}
,"/home/docker/Proj/TATS/apps/traide-ui/src/app/docs/page.tsx": {"path":"/home/docker/Proj/TATS/apps/traide-ui/src/app/docs/page.tsx","all":true,"statementMap":{"0":{"start":{"line":1,"column":0},"end":{"line":1,"column":12}},"1":{"start":{"line":2,"column":0},"end":{"line":2,"column":28}},"2":{"start":{"line":3,"column":0},"end":{"line":3,"column":0}},"3":{"start":{"line":4,"column":0},"end":{"line":4,"column":39}},"4":{"start":{"line":5,"column":0},"end":{"line":5,"column":10}},"5":{"start":{"line":6,"column":0},"end":{"line":6,"column":64}},"6":{"start":{"line":7,"column":0},"end":{"line":7,"column":73}},"7":{"start":{"line":8,"column":0},"end":{"line":8,"column":95}},"8":{"start":{"line":9,"column":0},"end":{"line":9,"column":102}},"9":{"start":{"line":10,"column":0},"end":{"line":10,"column":10}},"10":{"start":{"line":11,"column":0},"end":{"line":11,"column":3}},"11":{"start":{"line":12,"column":0},"end":{"line":12,"column":1}}},"s":{"0":0,"1":0,"2":0,"3":0,"4":0,"5":0,"6":0,"7":0,"8":0,"9":0,"10":0,"11":0},"branchMap":{"0":{"type":"branch","line":1,"loc":{"start":{"line":1,"column":0},"end":{"line":12,"column":-268}},"locations":[{"start":{"line":1,"column":0},"end":{"line":12,"column":-268}}]}},"b":{"0":[0]},"fnMap":{"0":{"name":"(empty-report)","decl":{"start":{"line":1,"column":0},"end":{"line":12,"column":-268}},"loc":{"start":{"line":1,"column":0},"end":{"line":12,"column":-268}},"line":1}},"f":{"0":0}}
,"/home/docker/Proj/TATS/apps/traide-ui/src/app/favicon.ico/route.ts": {"path":"/home/docker/Proj/TATS/apps/traide-ui/src/app/favicon.ico/route.ts","all":true,"statementMap":{"0":{"start":{"line":1,"column":0},"end":{"line":1,"column":41}},"1":{"start":{"line":2,"column":0},"end":{"line":2,"column":0}},"2":{"start":{"line":3,"column":0},"end":{"line":3,"column":31}},"3":{"start":{"line":4,"column":0},"end":{"line":4,"column":0}},"4":{"start":{"line":5,"column":0},"end":{"line":5,"column":46}},"5":{"start":{"line":6,"column":0},"end":{"line":6,"column":74}},"6":{"start":{"line":7,"column":0},"end":{"line":7,"column":89}},"7":{"start":{"line":8,"column":0},"end":{"line":8,"column":1}}},"s":{"0":0,"1":0,"2":0,"3":0,"4":0,"5":0,"6":0,"7":0},"branchMap":{"0":{"type":"branch","line":1,"loc":{"start":{"line":1,"column":289},"end":{"line":8,"column":1}},"locations":[{"start":{"line":1,"column":289},"end":{"line":8,"column":1}}]}},"b":{"0":[0]},"fnMap":{"0":{"name":"(empty-report)","decl":{"start":{"line":1,"column":289},"end":{"line":8,"column":1}},"loc":{"start":{"line":1,"column":289},"end":{"line":8,"column":1}},"line":1}},"f":{"0":0}}
,"/home/docker/Proj/TATS/apps/traide-ui/src/app/features/page.tsx": {"path":"/home/docker/Proj/TATS/apps/traide-ui/src/app/features/page.tsx","all":true,"statementMap":{"0":{"start":{"line":1,"column":0},"end":{"line":1,"column":12}},"1":{"start":{"line":2,"column":0},"end":{"line":2,"column":28}},"2":{"start":{"line":3,"column":0},"end":{"line":3,"column":0}},"3":{"start":{"line":4,"column":0},"end":{"line":4,"column":40}},"4":{"start":{"line":5,"column":0},"end":{"line":5,"column":10}},"5":{"start":{"line":6,"column":0},"end":{"line":6,"column":64}},"6":{"start":{"line":7,"column":0},"end":{"line":7,"column":77}},"7":{"start":{"line":8,"column":0},"end":{"line":8,"column":86}},"8":{"start":{"line":9,"column":0},"end":{"line":9,"column":52}},"9":{"start":{"line":10,"column":0},"end":{"line":10,"column":53}},"10":{"start":{"line":11,"column":0},"end":{"line":11,"column":47}},"11":{"start":{"line":12,"column":0},"end":{"line":12,"column":41}},"12":{"start":{"line":13,"column":0},"end":{"line":13,"column":35}},"13":{"start":{"line":14,"column":0},"end":{"line":14,"column":11}},"14":{"start":{"line":15,"column":0},"end":{"line":15,"column":102}},"15":{"start":{"line":16,"column":0},"end":{"line":16,"column":10}},"16":{"start":{"line":17,"column":0},"end":{"line":17,"column":3}},"17":{"start":{"line":18,"column":0},"end":{"line":18,"column":1}}},"s":{"0":0,"1":0,"2":0,"3":0,"4":0,"5":0,"6":0,"7":0,"8":0,"9":0,"10":0,"11":0,"12":0,"13":0,"14":0,"15":0,"16":0,"17":0},"branchMap":{"0":{"type":"branch","line":1,"loc":{"start":{"line":1,"column":0},"end":{"line":18,"column":-443}},"locations":[{"start":{"line":1,"column":0},"end":{"line":18,"column":-443}}]}},"b":{"0":[0]},"fnMap":{"0":{"name":"(empty-report)","decl":{"start":{"line":1,"column":0},"end":{"line":18,"column":-443}},"loc":{"start":{"line":1,"column":0},"end":{"line":18,"column":-443}},"line":1}},"f":{"0":0}}
,"/home/docker/Proj/TATS/apps/traide-ui/src/app/legal/privacy/page.tsx": {"path":"/home/docker/Proj/TATS/apps/traide-ui/src/app/legal/privacy/page.tsx","all":true,"statementMap":{"0":{"start":{"line":1,"column":0},"end":{"line":1,"column":12}},"1":{"start":{"line":2,"column":0},"end":{"line":2,"column":28}},"2":{"start":{"line":3,"column":0},"end":{"line":3,"column":0}},"3":{"start":{"line":4,"column":0},"end":{"line":4,"column":39}},"4":{"start":{"line":5,"column":0},"end":{"line":5,"column":10}},"5":{"start":{"line":6,"column":0},"end":{"line":6,"column":64}},"6":{"start":{"line":7,"column":0},"end":{"line":7,"column":83}},"7":{"start":{"line":8,"column":0},"end":{"line":8,"column":72}},"8":{"start":{"line":9,"column":0},"end":{"line":9,"column":68}},"9":{"start":{"line":10,"column":0},"end":{"line":10,"column":10}},"10":{"start":{"line":11,"column":0},"end":{"line":11,"column":3}},"11":{"start":{"line":12,"column":0},"end":{"line":12,"column":1}}},"s":{"0":0,"1":0,"2":0,"3":0,"4":0,"5":0,"6":0,"7":0,"8":0,"9":0,"10":0,"11":0},"branchMap":{"0":{"type":"branch","line":1,"loc":{"start":{"line":1,"column":0},"end":{"line":12,"column":-234}},"locations":[{"start":{"line":1,"column":0},"end":{"line":12,"column":-234}}]}},"b":{"0":[0]},"fnMap":{"0":{"name":"(empty-report)","decl":{"start":{"line":1,"column":0},"end":{"line":12,"column":-234}},"loc":{"start":{"line":1,"column":0},"end":{"line":12,"column":-234}},"line":1}},"f":{"0":0}}
,"/home/docker/Proj/TATS/apps/traide-ui/src/app/legal/terms/page.tsx": {"path":"/home/docker/Proj/TATS/apps/traide-ui/src/app/legal/terms/page.tsx","all":true,"statementMap":{"0":{"start":{"line":1,"column":0},"end":{"line":1,"column":12}},"1":{"start":{"line":2,"column":0},"end":{"line":2,"column":28}},"2":{"start":{"line":3,"column":0},"end":{"line":3,"column":0}},"3":{"start":{"line":4,"column":0},"end":{"line":4,"column":37}},"4":{"start":{"line":5,"column":0},"end":{"line":5,"column":10}},"5":{"start":{"line":6,"column":0},"end":{"line":6,"column":64}},"6":{"start":{"line":7,"column":0},"end":{"line":7,"column":85}},"7":{"start":{"line":8,"column":0},"end":{"line":8,"column":74}},"8":{"start":{"line":9,"column":0},"end":{"line":9,"column":68}},"9":{"start":{"line":10,"column":0},"end":{"line":10,"column":10}},"10":{"start":{"line":11,"column":0},"end":{"line":11,"column":3}},"11":{"start":{"line":12,"column":0},"end":{"line":12,"column":1}}},"s":{"0":0,"1":0,"2":0,"3":0,"4":0,"5":0,"6":0,"7":0,"8":0,"9":0,"10":0,"11":0},"branchMap":{"0":{"type":"branch","line":1,"loc":{"start":{"line":1,"column":0},"end":{"line":12,"column":-238}},"locations":[{"start":{"line":1,"column":0},"end":{"line":12,"column":-238}}]}},"b":{"0":[0]},"fnMap":{"0":{"name":"(empty-report)","decl":{"start":{"line":1,"column":0},"end":{"line":12,"column":-238}},"loc":{"start":{"line":1,"column":0},"end":{"line":12,"column":-238}},"line":1}},"f":{"0":0}}
,"/home/docker/Proj/TATS/apps/traide-ui/src/app/portfolio/page.tsx": {"path":"/home/docker/Proj/TATS/apps/traide-ui/src/app/portfolio/page.tsx","all":true,"statementMap":{"0":{"start":{"line":1,"column":0},"end":{"line":1,"column":12}},"1":{"start":{"line":2,"column":0},"end":{"line":2,"column":28}},"2":{"start":{"line":3,"column":0},"end":{"line":3,"column":0}},"3":{"start":{"line":4,"column":0},"end":{"line":4,"column":41}},"4":{"start":{"line":5,"column":0},"end":{"line":5,"column":10}},"5":{"start":{"line":6,"column":0},"end":{"line":6,"column":64}},"6":{"start":{"line":7,"column":0},"end":{"line":7,"column":78}},"7":{"start":{"line":8,"column":0},"end":{"line":8,"column":72}},"8":{"start":{"line":9,"column":0},"end":{"line":9,"column":102}},"9":{"start":{"line":10,"column":0},"end":{"line":10,"column":10}},"10":{"start":{"line":11,"column":0},"end":{"line":11,"column":3}},"11":{"start":{"line":12,"column":0},"end":{"line":12,"column":1}}},"s":{"0":0,"1":0,"2":0,"3":0,"4":0,"5":0,"6":0,"7":0,"8":0,"9":0,"10":0,"11":0},"branchMap":{"0":{"type":"branch","line":1,"loc":{"start":{"line":1,"column":0},"end":{"line":12,"column":-263}},"locations":[{"start":{"line":1,"column":0},"end":{"line":12,"column":-263}}]}},"b":{"0":[0]},"fnMap":{"0":{"name":"(empty-report)","decl":{"start":{"line":1,"column":0},"end":{"line":12,"column":-263}},"loc":{"start":{"line":1,"column":0},"end":{"line":12,"column":-263}},"line":1}},"f":{"0":0}}
,"/home/docker/Proj/TATS/apps/traide-ui/src/app/pricing/page.tsx": {"path":"/home/docker/Proj/TATS/apps/traide-ui/src/app/pricing/page.tsx","all":true,"statementMap":{"0":{"start":{"line":1,"column":0},"end":{"line":1,"column":12}},"1":{"start":{"line":2,"column":0},"end":{"line":2,"column":28}},"2":{"start":{"line":3,"column":0},"end":{"line":3,"column":0}},"3":{"start":{"line":4,"column":0},"end":{"line":4,"column":39}},"4":{"start":{"line":5,"column":0},"end":{"line":5,"column":10}},"5":{"start":{"line":6,"column":0},"end":{"line":6,"column":64}},"6":{"start":{"line":7,"column":0},"end":{"line":7,"column":76}},"7":{"start":{"line":8,"column":0},"end":{"line":8,"column":58}},"8":{"start":{"line":9,"column":0},"end":{"line":9,"column":102}},"9":{"start":{"line":10,"column":0},"end":{"line":10,"column":10}},"10":{"start":{"line":11,"column":0},"end":{"line":11,"column":3}},"11":{"start":{"line":12,"column":0},"end":{"line":12,"column":1}}},"s":{"0":0,"1":0,"2":0,"3":0,"4":0,"5":0,"6":0,"7":0,"8":0,"9":0,"10":0,"11":0},"branchMap":{"0":{"type":"branch","line":1,"loc":{"start":{"line":1,"column":0},"end":{"line":12,"column":-247}},"locations":[{"start":{"line":1,"column":0},"end":{"line":12,"column":-247}}]}},"b":{"0":[0]},"fnMap":{"0":{"name":"(empty-report)","decl":{"start":{"line":1,"column":0},"end":{"line":12,"column":-247}},"loc":{"start":{"line":1,"column":0},"end":{"line":12,"column":-247}},"line":1}},"f":{"0":0}}
,"/home/docker/Proj/TATS/apps/traide-ui/src/components/canvas/ComponentPalette.tsx": {"path":"/home/docker/Proj/TATS/apps/traide-ui/src/components/canvas/ComponentPalette.tsx","all":true,"statementMap":{"0":{"start":{"line":1,"column":0},"end":{"line":1,"column":12}},"1":{"start":{"line":2,"column":0},"end":{"line":2,"column":67}},"2":{"start":{"line":3,"column":0},"end":{"line":3,"column":53}},"3":{"start":{"line":4,"column":0},"end":{"line":4,"column":0}},"4":{"start":{"line":5,"column":0},"end":{"line":5,"column":166}},"5":{"start":{"line":6,"column":0},"end":{"line":6,"column":32}},"6":{"start":{"line":7,"column":0},"end":{"line":7,"column":146}},"7":{"start":{"line":8,"column":0},"end":{"line":8,"column":49}},"8":{"start":{"line":9,"column":0},"end":{"line":9,"column":19}},"9":{"start":{"line":10,"column":0},"end":{"line":10,"column":74}},"10":{"start":{"line":11,"column":0},"end":{"line":11,"column":36}},"11":{"start":{"line":12,"column":0},"end":{"line":12,"column":28}},"12":{"start":{"line":13,"column":0},"end":{"line":13,"column":21}},"13":{"start":{"line":14,"column":0},"end":{"line":14,"column":51}},"14":{"start":{"line":15,"column":0},"end":{"line":15,"column":5}},"15":{"start":{"line":16,"column":0},"end":{"line":16,"column":47}},"16":{"start":{"line":17,"column":0},"end":{"line":17,"column":50}},"17":{"start":{"line":18,"column":0},"end":{"line":18,"column":118}},"18":{"start":{"line":19,"column":0},"end":{"line":19,"column":15}},"19":{"start":{"line":20,"column":0},"end":{"line":20,"column":24}},"20":{"start":{"line":21,"column":0},"end":{"line":21,"column":10}},"21":{"start":{"line":22,"column":0},"end":{"line":22,"column":183}},"22":{"start":{"line":23,"column":0},"end":{"line":23,"column":170}},"23":{"start":{"line":24,"column":0},"end":{"line":24,"column":54}},"24":{"start":{"line":25,"column":0},"end":{"line":25,"column":225}},"25":{"start":{"line":26,"column":0},"end":{"line":26,"column":14}},"26":{"start":{"line":27,"column":0},"end":{"line":27,"column":52}},"27":{"start":{"line":28,"column":0},"end":{"line":28,"column":33}},"28":{"start":{"line":29,"column":0},"end":{"line":29,"column":170}},"29":{"start":{"line":30,"column":0},"end":{"line":30,"column":19}},"30":{"start":{"line":31,"column":0},"end":{"line":31,"column":77}},"31":{"start":{"line":32,"column":0},"end":{"line":32,"column":101}},"32":{"start":{"line":33,"column":0},"end":{"line":33,"column":20}},"33":{"start":{"line":34,"column":0},"end":{"line":34,"column":68}},"34":{"start":{"line":35,"column":0},"end":{"line":35,"column":21}},"35":{"start":{"line":36,"column":0},"end":{"line":36,"column":13}},"36":{"start":{"line":37,"column":0},"end":{"line":37,"column":14}},"37":{"start":{"line":38,"column":0},"end":{"line":38,"column":98}},"38":{"start":{"line":39,"column":0},"end":{"line":39,"column":115}},"39":{"start":{"line":40,"column":0},"end":{"line":40,"column":14}},"40":{"start":{"line":41,"column":0},"end":{"line":41,"column":12}},"41":{"start":{"line":42,"column":0},"end":{"line":42,"column":10}},"42":{"start":{"line":43,"column":0},"end":{"line":43,"column":3}},"43":{"start":{"line":44,"column":0},"end":{"line":44,"column":1}}},"s":{"0":0,"1":0,"2":0,"3":0,"4":0,"5":0,"6":0,"7":0,"8":0,"9":0,"10":0,"11":0,"12":0,"13":0,"14":0,"15":0,"16":0,"17":0,"18":0,"19":0,"20":0,"21":0,"22":0,"23":0,"24":0,"25":0,"26":0,"27":0,"28":0,"29":0,"30":0,"31":0,"32":0,"33":0,"34":0,"35":0,"36":0,"37":0,"38":0,"39":0,"40":0,"41":0,"42":0,"43":0},"branchMap":{"0":{"type":"branch","line":1,"loc":{"start":{"line":1,"column":0},"end":{"line":44,"column":-712}},"locations":[{"start":{"line":1,"column":0},"end":{"line":44,"column":-712}}]}},"b":{"0":[0]},"fnMap":{"0":{"name":"(empty-report)","decl":{"start":{"line":1,"column":0},"end":{"line":44,"column":-712}},"loc":{"start":{"line":1,"column":0},"end":{"line":44,"column":-712}},"line":1}},"f":{"0":0}}
,"/home/docker/Proj/TATS/apps/traide-ui/src/components/canvas/ContextMenu.tsx": {"path":"/home/docker/Proj/TATS/apps/traide-ui/src/components/canvas/ContextMenu.tsx","all":true,"statementMap":{"0":{"start":{"line":1,"column":0},"end":{"line":1,"column":12}},"1":{"start":{"line":2,"column":0},"end":{"line":2,"column":65}},"2":{"start":{"line":3,"column":0},"end":{"line":3,"column":0}},"3":{"start":{"line":4,"column":0},"end":{"line":4,"column":41}},"4":{"start":{"line":5,"column":0},"end":{"line":5,"column":0}},"5":{"start":{"line":6,"column":0},"end":{"line":6,"column":25}},"6":{"start":{"line":7,"column":0},"end":{"line":7,"column":41}},"7":{"start":{"line":8,"column":0},"end":{"line":8,"column":12}},"8":{"start":{"line":9,"column":0},"end":{"line":9,"column":12}},"9":{"start":{"line":10,"column":0},"end":{"line":10,"column":67}},"10":{"start":{"line":11,"column":0},"end":{"line":11,"column":31}},"11":{"start":{"line":12,"column":0},"end":{"line":12,"column":23}},"12":{"start":{"line":13,"column":0},"end":{"line":13,"column":21}},"13":{"start":{"line":14,"column":0},"end":{"line":14,"column":27}},"14":{"start":{"line":15,"column":0},"end":{"line":15,"column":20}},"15":{"start":{"line":16,"column":0},"end":{"line":16,"column":1}},"16":{"start":{"line":17,"column":0},"end":{"line":17,"column":0}},"17":{"start":{"line":18,"column":0},"end":{"line":18,"column":127}},"18":{"start":{"line":19,"column":0},"end":{"line":19,"column":49}},"19":{"start":{"line":20,"column":0},"end":{"line":20,"column":72}},"20":{"start":{"line":21,"column":0},"end":{"line":21,"column":105}},"21":{"start":{"line":22,"column":0},"end":{"line":22,"column":25}},"22":{"start":{"line":23,"column":0},"end":{"line":23,"column":35}},"23":{"start":{"line":24,"column":0},"end":{"line":24,"column":30}},"24":{"start":{"line":25,"column":0},"end":{"line":25,"column":60}},"25":{"start":{"line":26,"column":0},"end":{"line":26,"column":5}},"26":{"start":{"line":27,"column":0},"end":{"line":27,"column":74}},"27":{"start":{"line":28,"column":0},"end":{"line":28,"column":22}},"28":{"start":{"line":29,"column":0},"end":{"line":29,"column":45}},"29":{"start":{"line":30,"column":0},"end":{"line":30,"column":36}},"30":{"start":{"line":31,"column":0},"end":{"line":31,"column":93}},"31":{"start":{"line":32,"column":0},"end":{"line":32,"column":45}},"32":{"start":{"line":33,"column":0},"end":{"line":33,"column":56}},"33":{"start":{"line":34,"column":0},"end":{"line":34,"column":58}},"34":{"start":{"line":35,"column":0},"end":{"line":35,"column":0}},"35":{"start":{"line":36,"column":0},"end":{"line":36,"column":52}},"36":{"start":{"line":37,"column":0},"end":{"line":37,"column":42}},"37":{"start":{"line":38,"column":0},"end":{"line":38,"column":91}},"38":{"start":{"line":39,"column":0},"end":{"line":39,"column":94}},"39":{"start":{"line":40,"column":0},"end":{"line":40,"column":23}},"40":{"start":{"line":41,"column":0},"end":{"line":41,"column":0}},"41":{"start":{"line":42,"column":0},"end":{"line":42,"column":31}},"42":{"start":{"line":43,"column":0},"end":{"line":43,"column":28}},"43":{"start":{"line":44,"column":0},"end":{"line":44,"column":28}},"44":{"start":{"line":45,"column":0},"end":{"line":45,"column":53}},"45":{"start":{"line":46,"column":0},"end":{"line":46,"column":50}},"46":{"start":{"line":47,"column":0},"end":{"line":47,"column":45}},"47":{"start":{"line":48,"column":0},"end":{"line":48,"column":37}},"48":{"start":{"line":49,"column":0},"end":{"line":49,"column":7}},"49":{"start":{"line":50,"column":0},"end":{"line":50,"column":22}},"50":{"start":{"line":51,"column":0},"end":{"line":51,"column":21}},"51":{"start":{"line":52,"column":0},"end":{"line":52,"column":41}},"52":{"start":{"line":53,"column":0},"end":{"line":53,"column":67}},"53":{"start":{"line":54,"column":0},"end":{"line":54,"column":29}},"54":{"start":{"line":55,"column":0},"end":{"line":55,"column":16}},"55":{"start":{"line":56,"column":0},"end":{"line":56,"column":45}},"56":{"start":{"line":57,"column":0},"end":{"line":57,"column":68}},"57":{"start":{"line":58,"column":0},"end":{"line":58,"column":54}},"58":{"start":{"line":59,"column":0},"end":{"line":59,"column":61}},"59":{"start":{"line":60,"column":0},"end":{"line":60,"column":71}},"60":{"start":{"line":61,"column":0},"end":{"line":61,"column":31}},"61":{"start":{"line":62,"column":0},"end":{"line":62,"column":66}},"62":{"start":{"line":63,"column":0},"end":{"line":63,"column":14}},"63":{"start":{"line":64,"column":0},"end":{"line":64,"column":66}},"64":{"start":{"line":65,"column":0},"end":{"line":65,"column":43}},"65":{"start":{"line":66,"column":0},"end":{"line":66,"column":37}},"66":{"start":{"line":67,"column":0},"end":{"line":67,"column":44}},"67":{"start":{"line":68,"column":0},"end":{"line":68,"column":36}},"68":{"start":{"line":69,"column":0},"end":{"line":69,"column":74}},"69":{"start":{"line":70,"column":0},"end":{"line":70,"column":76}},"70":{"start":{"line":71,"column":0},"end":{"line":71,"column":52}},"71":{"start":{"line":72,"column":0},"end":{"line":72,"column":52}},"72":{"start":{"line":73,"column":0},"end":{"line":73,"column":50}},"73":{"start":{"line":74,"column":0},"end":{"line":74,"column":49}},"74":{"start":{"line":75,"column":0},"end":{"line":75,"column":68}},"75":{"start":{"line":76,"column":0},"end":{"line":76,"column":66}},"76":{"start":{"line":77,"column":0},"end":{"line":77,"column":7}},"77":{"start":{"line":78,"column":0},"end":{"line":78,"column":45}},"78":{"start":{"line":79,"column":0},"end":{"line":79,"column":43}},"79":{"start":{"line":80,"column":0},"end":{"line":80,"column":29}},"80":{"start":{"line":81,"column":0},"end":{"line":81,"column":30}},"81":{"start":{"line":82,"column":0},"end":{"line":82,"column":48}},"82":{"start":{"line":83,"column":0},"end":{"line":83,"column":49}},"83":{"start":{"line":84,"column":0},"end":{"line":84,"column":37}},"84":{"start":{"line":85,"column":0},"end":{"line":85,"column":5}},"85":{"start":{"line":86,"column":0},"end":{"line":86,"column":11}},"86":{"start":{"line":87,"column":0},"end":{"line":87,"column":48}},"87":{"start":{"line":88,"column":0},"end":{"line":88,"column":44}},"88":{"start":{"line":89,"column":0},"end":{"line":89,"column":44}},"89":{"start":{"line":90,"column":0},"end":{"line":90,"column":50}},"90":{"start":{"line":91,"column":0},"end":{"line":91,"column":86}},"91":{"start":{"line":92,"column":0},"end":{"line":92,"column":86}},"92":{"start":{"line":93,"column":0},"end":{"line":93,"column":49}},"93":{"start":{"line":94,"column":0},"end":{"line":94,"column":47}},"94":{"start":{"line":95,"column":0},"end":{"line":95,"column":18}},"95":{"start":{"line":96,"column":0},"end":{"line":96,"column":49}},"96":{"start":{"line":97,"column":0},"end":{"line":97,"column":55}},"97":{"start":{"line":98,"column":0},"end":{"line":98,"column":91}},"98":{"start":{"line":99,"column":0},"end":{"line":99,"column":91}},"99":{"start":{"line":100,"column":0},"end":{"line":100,"column":54}},"100":{"start":{"line":101,"column":0},"end":{"line":101,"column":52}},"101":{"start":{"line":102,"column":0},"end":{"line":102,"column":38}},"102":{"start":{"line":103,"column":0},"end":{"line":103,"column":5}},"103":{"start":{"line":104,"column":0},"end":{"line":104,"column":36}},"104":{"start":{"line":105,"column":0},"end":{"line":105,"column":10}},"105":{"start":{"line":106,"column":0},"end":{"line":106,"column":8}},"106":{"start":{"line":107,"column":0},"end":{"line":107,"column":15}},"107":{"start":{"line":108,"column":0},"end":{"line":108,"column":150}},"108":{"start":{"line":109,"column":0},"end":{"line":109,"column":55}},"109":{"start":{"line":110,"column":0},"end":{"line":110,"column":72}},"110":{"start":{"line":111,"column":0},"end":{"line":111,"column":5}},"111":{"start":{"line":112,"column":0},"end":{"line":112,"column":16}},"112":{"start":{"line":113,"column":0},"end":{"line":113,"column":10}},"113":{"start":{"line":114,"column":0},"end":{"line":114,"column":3}},"114":{"start":{"line":115,"column":0},"end":{"line":115,"column":1}},"115":{"start":{"line":116,"column":0},"end":{"line":116,"column":0}},"116":{"start":{"line":117,"column":0},"end":{"line":117,"column":102}},"117":{"start":{"line":118,"column":0},"end":{"line":118,"column":10}},"118":{"start":{"line":119,"column":0},"end":{"line":119,"column":146}},"119":{"start":{"line":120,"column":0},"end":{"line":120,"column":16}},"120":{"start":{"line":121,"column":0},"end":{"line":121,"column":13}},"121":{"start":{"line":122,"column":0},"end":{"line":122,"column":3}},"122":{"start":{"line":123,"column":0},"end":{"line":123,"column":1}},"123":{"start":{"line":124,"column":0},"end":{"line":124,"column":0}},"124":{"start":{"line":125,"column":0},"end":{"line":125,"column":27}},"125":{"start":{"line":126,"column":0},"end":{"line":126,"column":57}},"126":{"start":{"line":127,"column":0},"end":{"line":127,"column":1}}},"s":{"0":0,"1":0,"2":0,"3":0,"4":0,"5":0,"6":0,"7":0,"8":0,"9":0,"10":0,"11":0,"12":0,"13":0,"14":0,"15":0,"16":0,"17":0,"18":0,"19":0,"20":0,"21":0,"22":0,"23":0,"24":0,"25":0,"26":0,"27":0,"28":0,"29":0,"30":0,"31":0,"32":0,"33":0,"34":0,"35":0,"36":0,"37":0,"38":0,"39":0,"40":0,"41":0,"42":0,"43":0,"44":0,"45":0,"46":0,"47":0,"48":0,"49":0,"50":0,"51":0,"52":0,"53":0,"54":0,"55":0,"56":0,"57":0,"58":0,"59":0,"60":0,"61":0,"62":0,"63":0,"64":0,"65":0,"66":0,"67":0,"68":0,"69":0,"70":0,"71":0,"72":0,"73":0,"74":0,"75":0,"76":0,"77":0,"78":0,"79":0,"80":0,"81":0,"82":0,"83":0,"84":0,"85":0,"86":0,"87":0,"88":0,"89":0,"90":0,"91":0,"92":0,"93":0,"94":0,"95":0,"96":0,"97":0,"98":0,"99":0,"100":0,"101":0,"102":0,"103":0,"104":0,"105":0,"106":0,"107":0,"108":0,"109":0,"110":0,"111":0,"112":0,"113":0,"114":0,"115":0,"116":0,"117":0,"118":0,"119":0,"120":0,"121":0,"122":0,"123":0,"124":0,"125":0,"126":0},"branchMap":{"0":{"type":"branch","line":1,"loc":{"start":{"line":1,"column":5329},"end":{"line":127,"column":1}},"locations":[{"start":{"line":1,"column":5329},"end":{"line":127,"column":1}}]}},"b":{"0":[0]},"fnMap":{"0":{"name":"(empty-report)","decl":{"start":{"line":1,"column":5329},"end":{"line":127,"column":1}},"loc":{"start":{"line":1,"column":5329},"end":{"line":127,"column":1}},"line":1}},"f":{"0":0}}
,"/home/docker/Proj/TATS/apps/traide-ui/src/components/canvas/TileCanvas.tsx": {"path":"/home/docker/Proj/TATS/apps/traide-ui/src/components/canvas/TileCanvas.tsx","all":true,"statementMap":{"0":{"start":{"line":1,"column":0},"end":{"line":1,"column":12}},"1":{"start":{"line":2,"column":0},"end":{"line":2,"column":80}},"2":{"start":{"line":3,"column":0},"end":{"line":3,"column":62}},"3":{"start":{"line":4,"column":0},"end":{"line":4,"column":53}},"4":{"start":{"line":5,"column":0},"end":{"line":5,"column":56}},"5":{"start":{"line":6,"column":0},"end":{"line":6,"column":39}},"6":{"start":{"line":7,"column":0},"end":{"line":7,"column":68}},"7":{"start":{"line":8,"column":0},"end":{"line":8,"column":74}},"8":{"start":{"line":9,"column":0},"end":{"line":9,"column":64}},"9":{"start":{"line":10,"column":0},"end":{"line":10,"column":64}},"10":{"start":{"line":11,"column":0},"end":{"line":11,"column":64}},"11":{"start":{"line":12,"column":0},"end":{"line":12,"column":34}},"12":{"start":{"line":13,"column":0},"end":{"line":13,"column":65}},"13":{"start":{"line":14,"column":0},"end":{"line":14,"column":85}},"14":{"start":{"line":15,"column":0},"end":{"line":15,"column":73}},"15":{"start":{"line":16,"column":0},"end":{"line":16,"column":149}},"16":{"start":{"line":17,"column":0},"end":{"line":17,"column":55}},"17":{"start":{"line":18,"column":0},"end":{"line":18,"column":67}},"18":{"start":{"line":19,"column":0},"end":{"line":19,"column":0}},"19":{"start":{"line":20,"column":0},"end":{"line":20,"column":55}},"20":{"start":{"line":21,"column":0},"end":{"line":21,"column":120}},"21":{"start":{"line":22,"column":0},"end":{"line":22,"column":48}},"22":{"start":{"line":23,"column":0},"end":{"line":23,"column":0}},"23":{"start":{"line":24,"column":0},"end":{"line":24,"column":28}},"24":{"start":{"line":25,"column":0},"end":{"line":25,"column":93}},"25":{"start":{"line":26,"column":0},"end":{"line":26,"column":96}},"26":{"start":{"line":27,"column":0},"end":{"line":27,"column":135}},"27":{"start":{"line":28,"column":0},"end":{"line":28,"column":1}},"28":{"start":{"line":29,"column":0},"end":{"line":29,"column":0}},"29":{"start":{"line":30,"column":0},"end":{"line":30,"column":25}},"30":{"start":{"line":31,"column":0},"end":{"line":31,"column":46}},"31":{"start":{"line":32,"column":0},"end":{"line":32,"column":10}},"32":{"start":{"line":33,"column":0},"end":{"line":33,"column":47}},"33":{"start":{"line":34,"column":0},"end":{"line":34,"column":99}},"34":{"start":{"line":35,"column":0},"end":{"line":35,"column":96}},"35":{"start":{"line":36,"column":0},"end":{"line":36,"column":94}},"36":{"start":{"line":37,"column":0},"end":{"line":37,"column":94}},"37":{"start":{"line":38,"column":0},"end":{"line":38,"column":10}},"38":{"start":{"line":39,"column":0},"end":{"line":39,"column":3}},"39":{"start":{"line":40,"column":0},"end":{"line":40,"column":1}},"40":{"start":{"line":41,"column":0},"end":{"line":41,"column":0}},"41":{"start":{"line":42,"column":0},"end":{"line":42,"column":56}},"42":{"start":{"line":43,"column":0},"end":{"line":43,"column":17}},"43":{"start":{"line":44,"column":0},"end":{"line":44,"column":17}},"44":{"start":{"line":45,"column":0},"end":{"line":45,"column":32}},"45":{"start":{"line":46,"column":0},"end":{"line":46,"column":21}},"46":{"start":{"line":47,"column":0},"end":{"line":47,"column":31}},"47":{"start":{"line":48,"column":0},"end":{"line":48,"column":25}},"48":{"start":{"line":49,"column":0},"end":{"line":49,"column":34}},"49":{"start":{"line":50,"column":0},"end":{"line":50,"column":19}},"50":{"start":{"line":51,"column":0},"end":{"line":51,"column":29}},"51":{"start":{"line":52,"column":0},"end":{"line":52,"column":19}},"52":{"
[...]
olumn":1}},"259":{"start":{"line":260,"column":0},"end":{"line":260,"column":35}}},"s":{"0":1,"1":1,"2":1,"3":1,"4":1,"5":30,"6":1,"7":1,"8":1,"9":30,"10":13,"11":29,"12":29,"13":1,"14":1,"15":1,"16":1,"17":1,"18":1,"19":1,"20":1,"21":1,"22":1,"23":1,"24":1,"25":1,"26":30,"27":30,"28":30,"29":30,"30":30,"31":30,"32":1,"33":1,"34":1,"35":1,"36":1,"37":1,"38":1,"39":1,"40":1,"41":1,"42":1,"43":1,"44":1,"45":4,"46":4,"47":4,"48":4,"49":1,"50":1,"51":1,"52":1,"53":4,"54":4,"55":4,"56":2,"57":2,"58":2,"59":4,"60":4,"61":1,"62":1,"63":1,"64":1,"65":2,"66":2,"67":2,"68":2,"69":2,"70":2,"71":2,"72":2,"73":2,"74":2,"75":2,"76":2,"77":35,"78":35,"79":35,"80":35,"81":4,"82":35,"83":31,"84":31,"85":35,"86":35,"87":2,"88":2,"89":1,"90":1,"91":2,"92":2,"93":2,"94":2,"95":2,"96":2,"97":2,"98":2,"99":32,"100":32,"101":32,"102":32,"103":2,"104":2,"105":2,"106":2,"107":34,"108":34,"109":34,"110":34,"111":18,"112":18,"113":18,"114":34,"115":34,"116":34,"117":1,"118":1,"119":3,"120":3,"121":3,"122":3,"123":3,"124":3,"125":3,"126":3,"127":3,"128":3,"129":61,"130":61,"131":61,"132":61,"133":3,"134":1,"135":1,"136":2,"137":30,"138":30,"139":30,"140":30,"141":30,"142":1,"143":1,"144":1,"145":1,"146":2,"147":2,"148":2,"149":2,"150":2,"151":2,"152":2,"153":2,"154":2,"155":2,"156":2,"157":2,"158":2,"159":2,"160":45,"161":45,"162":45,"163":2,"164":2,"165":2,"166":2,"167":2,"168":45,"169":45,"170":45,"171":26,"172":26,"173":26,"174":45,"175":28,"176":28,"177":28,"178":45,"179":2,"180":2,"181":45,"182":45,"183":28,"184":28,"185":28,"186":45,"187":2,"188":2,"189":1,"190":1,"191":1,"192":1,"193":1,"194":1,"195":1,"196":1,"197":1,"198":1,"199":5,"200":5,"201":5,"202":5,"203":1,"204":1,"205":1,"206":1,"207":2,"208":2,"209":2,"210":2,"211":2,"212":2,"213":2,"214":2,"215":2,"216":2,"217":2,"218":2,"219":2,"220":37,"221":37,"222":37,"223":19,"224":19,"225":19,"226":37,"227":37,"228":2,"229":2,"230":1,"231":1,"232":1,"233":1,"234":1,"235":1,"236":1,"237":1,"238":1,"239":1,"240":1,"241":1,"242":1,"243":1,"244":1,"245":1,"246":1,"247":1,"248":7,"249":7,"250":7,"251":7,"252":7,"253":7,"254":1,"255":1,"256":1,"257":1,"258":1,"259":1},"branchMap":{"0":{"type":"branch","line":1,"loc":{"start":{"line":1,"column":7},"end":{"line":15,"column":1}},"locations":[{"start":{"line":1,"column":7},"end":{"line":15,"column":1}}]},"1":{"type":"branch","line":5,"loc":{"start":{"line":5,"column":30},"end":{"line":13,"column":3}},"locations":[{"start":{"line":5,"column":30},"end":{"line":13,"column":3}}]},"2":{"type":"branch","line":6,"loc":{"start":{"line":6,"column":17},"end":{"line":9,"column":5}},"locations":[{"start":{"line":6,"column":17},"end":{"line":9,"column":5}}]},"3":{"type":"branch","line":9,"loc":{"start":{"line":9,"column":4},"end":{"line":10,"column":40}},"locations":[{"start":{"line":9,"column":4},"end":{"line":10,"column":40}}]},"4":{"type":"branch","line":10,"loc":{"start":{"line":10,"column":33},"end":{"line":10,"column":50}},"locations":[{"start":{"line":10,"column":33},"end":{"line":10,"column":50}}]},"5":{"type":"branch","line":10,"loc":{"start":{"line":10,"column":48},"end":{"line":11,"column":55}},"locations":[{"start":{"line":10,"column":48},"end":{"line":11,"column":55}}]},"6":{"type":"branch","line":11,"loc":{"start":{"line":11,"column":53},"end":{"line":13,"column":3}},"locations":[{"start":{"line":11,"column":53},"end":{"line":13,"column":3}}]},"7":{"type":"branch","line":17,"loc":{"start":{"line":17,"column":7},"end":{"line":34,"column":1}},"locations":[{"start":{"line":17,"column":7},"end":{"line":34,"column":1}}]},"8":{"type":"branch","line":26,"loc":{"start":{"line":26,"column":30},"end":{"line":32,"column":3}},"locations":[{"start":{"line":26,"column":30},"end":{"line":32,"column":3}}]},"9":{"type":"branch","line":28,"loc":{"start":{"line":28,"column":23},"end":{"line":28,"column":33}},"locations":[{"start":{"line":28,"column":23},"end":{"line":28,"column":33}}]},"10":{"type":"branch","line":36,"loc":{"start":{"line":36,"column":7},"end":{"line":63,"column":1}},"locations":[{"start":{"line":36,"column":7},"end":{"line":63,"column":1}}]},"11":{"type":"branch","line":45,"loc":{"start":{"line":45,"column":30},"end":{"line":49,"column":3}},"locations":[{"start":{"line":45,"column":30},"end":{"line":49,"column":3}}]},"12":{"type":"branch","line":47,"loc":{"start":{"line":47,"column":23},"end":{"line":47,"column":33}},"locations":[{"start":{"line":47,"column":23},"end":{"line":47,"column":33}}]},"13":{"type":"branch","line":53,"loc":{"start":{"line":53,"column":30},"end":{"line":61,"column":3}},"locations":[{"start":{"line":53,"column":30},"end":{"line":61,"column":3}}]},"14":{"type":"branch","line":56,"loc":{"start":{"line":56,"column":21},"end":{"line":59,"column":5}},"locations":[{"start":{"line":56,"column":21},"end":{"line":59,"column":5}}]},"15":{"type":"branch","line":60,"loc":{"start":{"line":60,"column":25},"end":{"line":60,"column":69}},"locations":[{"start":{"line":60,"column":25},"end":{"line":60,"column":69}}]},"16":{"type":"branch","line":60,"loc":{"start":{"line":60,"column":45},"end":{"line":60,"column":53}},"locations":[{"start":{"line":60,"column":45},"end":{"line":60,"column":53}}]},"17":{"type":"branch","line":65,"loc":{"start":{"line":65,"column":7},"end":{"line":89,"column":1}},"locations":[{"start":{"line":65,"column":7},"end":{"line":89,"column":1}}]},"18":{"type":"branch","line":72,"loc":{"start":{"line":72,"column":30},"end":{"line":72,"column":77}},"locations":[{"start":{"line":72,"column":30},"end":{"line":72,"column":77}}]},"19":{"type":"branch","line":77,"loc":{"start":{"line":77,"column":30},"end":{"line":87,"column":3}},"locations":[{"start":{"line":77,"column":30},"end":{"line":87,"column":3}}]},"20":{"type":"branch","line":80,"loc":{"start":{"line":80,"column":14},"end":{"line":80,"column":39}},"locations":[{"start":{"line":80,"column":14},"end":{"line":80,"column":39}}]},"21":{"type":"branch","line":80,"loc":{"start":{"line":80,"column":22},"end":{"line":80,"column":41}},"locations":[{"start":{"line":80,"column":22},"end":{"line":80,"column":41}}]},"22":{"type":"branch","line":81,"loc":{"start":{"line":81,"column":25},"end":{"line":83,"column":11}},"locations":[{"start":{"line":81,"column":25},"end":{"line":83,"column":11}}]},"23":{"type":"branch","line":82,"loc":{"start":{"line":82,"column":16},"end":{"line":82,"column":22}},"locations":[{"start":{"line":82,"column":16},"end":{"line":82,"column":22}}]},"24":{"type":"branch","line":83,"loc":{"start":{"line":83,"column":4},"end":{"line":85,"column":5}},"locations":[{"start":{"line":83,"column":4},"end":{"line":85,"column":5}}]},"25":{"type":"branch","line":86,"loc":{"start":{"line":86,"column":25},"end":{"line":86,"column":35}},"locations":[{"start":{"line":86,"column":25},"end":{"line":86,"column":35}}]},"26":{"type":"branch","line":91,"loc":{"start":{"line":91,"column":7},"end":{"line":117,"column":1}},"locations":[{"start":{"line":91,"column":7},"end":{"line":117,"column":1}}]},"27":{"type":"branch","line":99,"loc":{"start":{"line":99,"column":30},"end":{"line":103,"column":3}},"locations":[{"start":{"line":99,"column":30},"end":{"line":103,"column":3}}]},"28":{"type":"branch","line":107,"loc":{"start":{"line":107,"column":30},"end":{"line":117,"column":1}},"locations":[{"start":{"line":107,"column":30},"end":{"line":117,"column":1}}]},"29":{"type":"branch","line":110,"loc":{"start":{"line":110,"column":31},"end":{"line":110,"column":45}},"locations":[{"start":{"line":110,"column":31},"end":{"line":110,"column":45}}]},"30":{"type":"branch","line":111,"loc":{"start":{"line":111,"column":25},"end":{"line":111,"column":75}},"locations":[{"start":{"line":111,"column":25},"end":{"line":111,"column":75}}]},"31":{"type":"branch","line":111,"loc":{"start":{"line":111,"column":75},"end":{"line":114,"column":5}},"locations":[{"start":{"line":111,"column":75},"end":{"line":114,"column":5}}]},"32":{"type":"branch","line":111,"loc":{"start":{"line":111,"column":47},"end":{"line":111,"column":72}},"locations":[{"start":{"line":111,"column":47},"end":{"line":111,"column":72}}]},"33":{"type":"branch","line":112,"loc":{"start":{"line":112,"column":25},"end":{"line":112,"column":42}},"locations":[{"start":{"line":112,"column":25},"end":{"line":112,"column":42}}]},"34":{"type":"branch","line":119,"loc":{"start":{"line":119,"column":7},"end":{"line":144,"column":1}},"locations":[{"start":{"line":119,"column":7},"end":{"line":144,"column":1}}]},"35":{"type":"branch","line":129,"loc":{"start":{"line":129,"column":30},"end":{"line":133,"column":3}},"locations":[{"start":{"line":129,"column":30},"end":{"line":133,"column":3}}]},"36":{"type":"branch","line":130,"loc":{"start":{"line":130,"column":33},"end":{"line":130,"column":42}},"locations":[{"start":{"line":130,"column":33},"end":{"line":130,"column":42}}]},"37":{"type":"branch","line":134,"loc":{"start":{"line":134,"column":24},"end":{"line":144,"column":1}},"locations":[{"start":{"line":134,"column":24},"end":{"line":144,"column":1}}]},"38":{"type":"branch","line":134,"loc":{"start":{"line":134,"column":31},"end":{"line":137,"column":30}},"locations":[{"start":{"line":134,"column":31},"end":{"line":137,"column":30}}]},"39":{"type":"branch","line":137,"loc":{"start":{"line":137,"column":30},"end":{"line":142,"column":3}},"locations":[{"start":{"line":137,"column":30},"end":{"line":142,"column":3}}]},"40":{"type":"branch","line":140,"loc":{"start":{"line":140,"column":30},"end":{"line":140,"column":62}},"locations":[{"start":{"line":140,"column":30},"end":{"line":140,"column":62}}]},"41":{"type":"branch","line":141,"loc":{"start":{"line":141,"column":34},"end":{"line":141,"column":65}},"locations":[{"start":{"line":141,"column":34},"end":{"line":141,"column":65}}]},"42":{"type":"branch","line":142,"loc":{"start":{"line":142,"column":2},"end":{"line":144,"column":1}},"locations":[{"start":{"line":142,"column":2},"end":{"line":144,"column":1}}]},"43":{"type":"branch","line":146,"loc":{"start":{"line":146,"column":7},"end":{"line":189,"column":1}},"locations":[{"start":{"line":146,"column":7},"end":{"line":189,"column":1}}]},"44":{"type":"branch","line":156,"loc":{"start":{"line":156,"column":30},"end":{"line":156,"column":70}},"locations":[{"start":{"line":156,"column":30},"end":{"line":156,"column":70}}]},"45":{"type":"branch","line":156,"loc":{"start":{"line":156,"column":59},"end":{"line":156,"column":67}},"locations":[{"start":{"line":156,"column":59},"end":{"line":156,"column":67}}]},"46":{"type":"branch","line":156,"loc":{"start":{"line":156,"column":63},"end":{"line":156,"column":70}},"locations":[{"start":{"line":156,"column":63},"end":{"line":156,"column":70}}]},"47":{"type":"branch","line":160,"loc":{"start":{"line":160,"column":30},"end":{"line":163,"column":3}},"locations":[{"start":{"line":160,"column":30},"end":{"line":163,"column":3}}]},"48":{"type":"branch","line":161,"loc":{"start":{"line":161,"column":23},"end":{"line":161,"column":36}},"locations":[{"start":{"line":161,"column":23},"end":{"line":161,"column":36}}]},"49":{"type":"branch","line":161,"loc":{"start":{"line":161,"column":32},"end":{"line":161,"column":38}},"locations":[{"start":{"line":161,"column":32},"end":{"line":161,"column":38}}]},"50":{"type":"branch","line":162,"loc":{"start":{"line":162,"column":22},"end":{"line":162,"column":36}},"locations":[{"start":{"line":162,"column":22},"end":{"line":162,"column":36}}]},"51":{"type":"branch","line":162,"loc":{"start":{"line":162,"column":32},"end":{"line":162,"column":38}},"locations":[{"start":{"line":162,"column":32},"end":{"line":162,"column":38}}]},"52":{"type":"branch","line":168,"loc":{"start":{"line":168,"column":30},"end":{"line":179,"column":3}},"locations":[{"start":{"line":168,"column":30},"end":{"line":179,"column":3}}]},"53":{"type":"branch","line":171,"loc":{"start":{"line":171,"column":21},"end":{"line":174,"column":5}},"locations":[{"start":{"line":171,"column":21},"end":{"line":174,"column":5}}]},"54":{"type":"branch","line":175,"loc":{"start":{"line":175,"column":25},"end":{"line":178,"column":5}},"locations":[{"start":{"line":175,"column":25},"end":{"line":178,"column":5}}]},"55":{"type":"branch","line":181,"loc":{"start":{"line":181,"column":30},"end":{"line":187,"column":3}},"locations":[{"start":{"line":181,"column":30},"end":{"line":187,"column":3}}]},"56":{"type":"branch","line":183,"loc":{"start":{"line":183,"column":33},"end":{"line":183,"column":62}},"locations":[{"start":{"line":183,"column":33},"end":{"line":183,"column":62}}]},"57":{"type":"branch","line":183,"loc":{"start":{"line":183,"column":57},"end":{"line":183,"column":73}},"locations":[{"start":{"line":183,"column":57},"end":{"line":183,"column":73}}]},"58":{"type":"branch","line":183,"loc":{"start":{"line":183,"column":73},"end":{"line":186,"column":5}},"locations":[{"start":{"line":183,"column":73},"end":{"line":186,"column":5}}]},"59":{"type":"branch","line":154,"loc":{"start":{"line":154,"column":40},"end":{"line":154,"column":83}},"locations":[{"start":{"line":154,"column":40},"end":{"line":154,"column":83}}]},"60":{"type":"branch","line":157,"loc":{"start":{"line":157,"column":41},"end":{"line":157,"column":87}},"locations":[{"start":{"line":157,"column":41},"end":{"line":157,"column":87}}]},"61":{"type":"branch","line":157,"loc":{"start":{"line":157,"column":80},"end":{"line":157,"column":87}},"locations":[{"start":{"line":157,"column":80},"end":{"line":157,"column":87}}]},"62":{"type":"branch","line":191,"loc":{"start":{"line":191,"column":7},"end":{"line":205,"column":1}},"locations":[{"start":{"line":191,"column":7},"end":{"line":205,"column":1}}]},"63":{"type":"branch","line":197,"loc":{"start":{"line":197,"column":15},"end":{"line":197,"column":26}},"locations":[{"start":{"line":197,"column":15},"end":{"line":197,"column":26}}]},"64":{"type":"branch","line":199,"loc":{"start":{"line":199,"column":30},"end":{"line":203,"column":3}},"locations":[{"start":{"line":199,"column":30},"end":{"line":203,"column":3}}]},"65":{"type":"branch","line":201,"loc":{"start":{"line":201,"column":33},"end":{"line":201,"column":42}},"locations":[{"start":{"line":201,"column":33},"end":{"line":201,"column":42}}]},"66":{"type":"branch","line":202,"loc":{"start":{"line":202,"column":13},"end":{"line":202,"column":47}},"locations":[{"start":{"line":202,"column":13},"end":{"line":202,"column":47}}]},"67":{"type":"branch","line":202,"loc":{"start":{"line":202,"column":40},"end":{"line":202,"column":58}},"locations":[{"start":{"line":202,"column":40},"end":{"line":202,"column":58}}]},"68":{"type":"branch","line":207,"loc":{"start":{"line":207,"column":7},"end":{"line":230,"column":1}},"locations":[{"start":{"line":207,"column":7},"end":{"line":230,"column":1}}]},"69":{"type":"branch","line":220,"loc":{"start":{"line":220,"column":30},"end":{"line":228,"column":3}},"locations":[{"start":{"line":220,"column":30},"end":{"line":228,"column":3}}]},"70":{"type":"branch","line":223,"loc":{"start":{"line":223,"column":21},"end":{"line":226,"column":5}},"locations":[{"start":{"line":223,"column":21},"end":{"line":226,"column":5}}]},"71":{"type":"branch","line":227,"loc":{"start":{"line":227,"column":25},"end":{"line":227,"column":66}},"locations":[{"start":{"line":227,"column":25},"end":{"line":227,"column":66}}]},"72":{"type":"branch","line":227,"loc":{"start":{"line":227,"column":43},"end":{"line":227,"column":53}},"locations":[{"start":{"line":227,"column":43},"end":{"line":227,"column":53}}]},"73":{"type":"branch","line":215,"loc":{"start":{"line":215,"column":40},"end":{"line":215,"column":83}},"locations":[{"start":{"line":215,"column":40},"end":{"line":215,"column":83}}]},"74":{"type":"branch","line":216,"loc":{"start":{"line":216,"column":40},"end":{"line":216,"column":67}},"locations":[{"start":{"line":216,"column":40},"end":{"line":216,"column":67}}]},"75":{"type":"branch","line":236,"loc":{"start":{"line":236,"column":7},"end":{"line":259,"column":1}},"locations":[{"start":{"line":236,"column":7},"end":{"line":259,"column":1}}]},"76":{"type":"branch","line":248,"loc":{"start":{"line":248,"column":30},"end":{"line":254,"column":3}},"locations":[{"start":{"line":248,"column":30},"end":{"line":254,"column":3}}]},"77":{"type":"branch","line":250,"loc":{"start":{"line":250,"column":23},"end":{"line":250,"column":33}},"locations":[{"start":{"line":250,"column":23},"end":{"line":250,"column":33}}]},"78":{"type":"branch","line":256,"loc":{"start":{"line":256,"column":32},"end":{"line":256,"column":77}},"locations":[{"start":{"line":256,"column":32},"end":{"line":256,"column":77}}]},"79":{"type":"branch","line":256,"loc":{"start":{"line":256,"column":60},"end":{"line":256,"column":77}},"locations":[{"start":{"line":256,"column":60},"end":{"line":256,"column":77}}]},"80":{"type":"branch","line":257,"loc":{"start":{"line":257,"column":32},"end":{"line":257,"column":77}},"locations":[{"start":{"line":257,"column":32},"end":{"line":257,"column":77}}]},"81":{"type":"branch","line":257,"loc":{"start":{"line":257,"column":60},"end":{"line":257,"column":77}},"locations":[{"start":{"line":257,"column":60},"end":{"line":257,"column":77}}]},"82":{"type":"branch","line":258,"loc":{"start":{"line":258,"column":17},"end":{"line":258,"column":46}},"locations":[{"start":{"line":258,"column":17},"end":{"line":258,"column":46}}]}},"b":{"0":[1],"1":[30],"2":[1],"3":[29],"4":[16],"5":[13],"6":[29],"7":[1],"8":[30],"9":[0],"10":[1],"11":[4],"12":[0],"13":[4],"14":[2],"15":[3],"16":[0],"17":[2],"18":[33],"19":[35],"20":[33],"21":[2],"22":[4],"23":[2],"24":[31],"25":[33],"26":[2],"27":[32],"28":[34],"29":[18],"30":[20],"31":[18],"32":[230],"33":[228],"34":[3],"35":[61],"36":[0],"37":[2],"38":[1],"39":[30],"40":[16],"41":[17],"42":[1],"43":[2],"44":[43],"45":[19],"46":[24],"47":[45],"48":[19],"49":[26],"50":[24],"51":[21],"52":[45],"53":[26],"54":[28],"55":[45],"56":[28],"57":[28],"58":[28],"59":[45],"60":[45],"61":[0],"62":[1],"63":[0],"64":[5],"65":[0],"66":[3],"67":[2],"68":[2],"69":[37],"70":[19],"71":[21],"72":[0],"73":[37],"74":[37],"75":[1],"76":[7],"77":[0],"78":[7],"79":[0],"80":[7],"81":[0],"82":[7]},"fnMap":{"0":{"name":"onBalanceVolume","decl":{"start":{"line":1,"column":7},"end":{"line":15,"column":1}},"loc":{"start":{"line":1,"column":7},"end":{"line":15,"column":1}},"line":1},"1":{"name":"accumulationDistributionIndex","decl":{"start":{"line":17,"column":7},"end":{"line":34,"column":1}},"loc":{"start":{"line":17,"column":7},"end":{"line":34,"column":1}},"line":17},"2":{"name":"chaikinMoneyFlow","decl":{"start":{"line":36,"column":7},"end":{"line":63,"column":1}},"loc":{"start":{"line":36,"column":7},"end":{"line":63,"column":1}},"line":36},"3":{"name":"forceIndex","decl":{"start":{"line":65,"column":7},"end":{"line":89,"column":1}},"loc":{"start":{"line":65,"column":7},"end":{"line":89,"column":1}},"line":65},"4":{"name":"easeOfMovement","decl":{"start":{"line":91,"column":7},"end":{"line":117,"column":1}},"loc":{"start":{"line":91,"column":7},"end":{"line":117,"column":1}},"line":91},"5":{"name":"volumePriceTrend","decl":{"start":{"line":119,"column":7},"end":{"line":144,"column":1}},"loc":{"start":{"line":119,"column":7},"end":{"line":144,"column":1}},"line":119},"6":{"name":"moneyFlowIndex","decl":{"start":{"line":146,"column":7},"end":{"line":189,"column":1}},"loc":{"start":{"line":146,"column":7},"end":{"line":189,"column":1}},"line":146},"7":{"name":"negativeVolumeIndex","decl":{"start":{"line":191,"column":7},"end":{"line":205,"column":1}},"loc":{"start":{"line":191,"column":7},"end":{"line":205,"column":1}},"line":191},"8":{"name":"vwap","decl":{"start":{"line":207,"column":7},"end":{"line":230,"column":1}},"loc":{"start":{"line":207,"column":7},"end":{"line":230,"column":1}},"line":207},"9":{"name":"chaikinOscillator","decl":{"start":{"line":236,"column":7},"end":{"line":259,"column":1}},"loc":{"start":{"line":236,"column":7},"end":{"line":259,"column":1}},"line":236}},"f":{"0":1,"1":1,"2":1,"3":2,"4":2,"5":3,"6":2,"7":1,"8":2,"9":1}}
}
