TN:
SF:src/calculators.ts
FN:7,EmaCalc
FN:11,update
FN:24,EmaFromCalc
FN:28,updateMaybeStart
FN:46,RsiCalc
FN:52,update
FN:75,MacdCalc
FN:80,update
FN:98,AtrCalc
FN:99,update
FN:129,StochasticCalc
FN:130,update
FN:162,VwapCalc
FN:163,update
FN:175,emaSeries
FN:185,PpoCalc
FN:190,update
FN:205,PvoCalc
FN:210,update
FNF:19
FNH:18
FNDA:13,EmaCalc
FNDA:1346,update
FNDA:5,EmaFromCalc
FNDA:655,updateMaybeStart
FNDA:1,RsiCalc
FNDA:13,update
FNDA:1,MacdCalc
FNDA:15,update
FNDA:1,AtrCalc
FNDA:9,update
FNDA:1,StochasticCalc
FNDA:8,update
FNDA:1,VwapCalc
FNDA:7,update
FNDA:0,emaSeries
FNDA:2,PpoCalc
FNDA:320,update
FNDA:2,PvoCalc
FNDA:320,update
DA:1,1
DA:2,1
DA:3,1
DA:4,1
DA:5,1
DA:6,1
DA:7,1
DA:8,13
DA:9,13
DA:10,13
DA:11,1
DA:12,1346
DA:13,1346
DA:14,1346
DA:15,1346
DA:16,1
DA:17,1
DA:18,1
DA:19,1
DA:20,1
DA:21,1
DA:22,1
DA:23,1
DA:24,1
DA:25,5
DA:26,5
DA:27,5
DA:28,1
DA:29,655
DA:30,10
DA:31,5
DA:32,5
DA:33,5
DA:34,10
DA:35,10
DA:36,645
DA:37,645
DA:38,655
DA:39,655
DA:40,1
DA:41,1
DA:42,1
DA:43,1
DA:44,1
DA:45,1
DA:46,1
DA:47,1
DA:48,1
DA:49,1
DA:50,1
DA:51,1
DA:52,1
DA:53,13
DA:54,13
DA:55,12
DA:56,12
DA:57,12
DA:58,12
DA:59,13
DA:60,13
DA:61,13
DA:62,13
DA:63,9
DA:64,9
DA:65,9
DA:66,4
DA:67,13
DA:68,1
DA:69,1
DA:70,1
DA:71,1
DA:72,1
DA:73,1
DA:74,1
DA:75,1
DA:76,1
DA:77,1
DA:78,1
DA:79,1
DA:80,1
DA:81,15
DA:82,15
DA:83,15
DA:84,15
DA:85,15
DA:86,15
DA:87,15
DA:88,15
DA:89,15
DA:90,1
DA:91,1
DA:92,1
DA:93,1
DA:94,1
DA:95,1
DA:96,1
DA:97,1
DA:98,1
DA:99,1
DA:100,9
DA:101,9
DA:102,9
DA:103,9
DA:104,9
DA:105,9
DA:106,9
DA:107,5
DA:108,5
DA:109,1
DA:110,1
DA:111,1
DA:112,4
DA:113,4
DA:114,4
DA:115,4
DA:116,9
DA:117,1
DA:118,1
DA:119,1
DA:120,1
DA:121,1
DA:122,1
DA:123,1
DA:124,1
DA:125,1
DA:126,1
DA:127,1
DA:128,1
DA:129,1
DA:130,1
DA:131,8
DA:132,8
DA:133,8
DA:134,8
DA:135,8
DA:136,8
DA:137,8
DA:138,8
DA:139,8
DA:140,8
DA:141,8
DA:142,8
DA:143,4
DA:144,4
DA:145,4
DA:146,4
DA:147,4
DA:148,4
DA:149,4
DA:150,4
DA:151,4
DA:152,8
DA:153,8
DA:154,1
DA:155,1
DA:156,1
DA:157,1
DA:158,1
DA:159,1
DA:160,1
DA:161,1
DA:162,1
DA:163,1
DA:164,7
DA:165,7
DA:166,7
DA:167,7
DA:168,7
DA:169,7
DA:170,3
DA:171,7
DA:172,1
DA:173,1
DA:174,1
DA:175,1
DA:176,0
DA:177,0
DA:178,0
DA:179,1
DA:180,1
DA:181,1
DA:182,1
DA:183,1
DA:184,1
DA:185,1
DA:186,2
DA:187,2
DA:188,2
DA:189,2
DA:190,1
DA:191,320
DA:192,320
DA:193,320
DA:194,320
DA:195,320
DA:196,320
DA:197,320
DA:198,320
DA:199,1
DA:200,1
DA:201,1
DA:202,1
DA:203,1
DA:204,1
DA:205,1
DA:206,2
DA:207,2
DA:208,2
DA:209,2
DA:210,1
DA:211,320
DA:212,320
DA:213,320
DA:214,320
DA:215,320
DA:216,320
DA:217,320
DA:218,320
DA:219,1
LF:219
LH:216
BRDA:7,0,0,13
BRDA:9,1,0,1
BRDA:11,2,0,1346
BRDA:13,3,0,13
BRDA:13,4,0,1333
BRDA:14,5,0,1329
BRDA:14,6,0,17
BRDA:24,7,0,5
BRDA:28,8,0,655
BRDA:29,9,0,10
BRDA:30,10,0,5
BRDA:34,11,0,0
BRDA:34,12,0,5
BRDA:35,13,0,645
BRDA:38,14,0,615
BRDA:38,15,0,30
BRDA:46,16,0,1
BRDA:52,17,0,13
BRDA:54,18,0,12
BRDA:56,19,0,9
BRDA:56,20,0,3
BRDA:57,21,0,3
BRDA:57,22,0,9
BRDA:62,23,0,9
BRDA:62,24,0,9
BRDA:63,25,0,0
BRDA:65,26,0,4
BRDA:75,27,0,1
BRDA:80,28,0,15
BRDA:83,29,0,13
BRDA:83,30,0,10
BRDA:83,31,0,5
BRDA:84,32,0,5
BRDA:84,33,0,10
BRDA:86,34,0,10
BRDA:86,35,0,5
BRDA:87,36,0,10
BRDA:87,37,0,7
BRDA:87,38,0,8
BRDA:98,39,0,1
BRDA:99,40,0,9
BRDA:101,41,0,1
BRDA:101,42,0,8
BRDA:102,43,0,1
BRDA:102,44,0,8
BRDA:103,45,0,1
BRDA:103,46,0,8
BRDA:106,47,0,5
BRDA:108,48,0,1
BRDA:111,49,0,4
BRDA:113,50,0,4
BRDA:129,51,0,1
BRDA:130,52,0,8
BRDA:134,53,0,7
BRDA:134,54,0,7
BRDA:136,55,0,0
BRDA:138,56,0,7
BRDA:138,57,0,0
BRDA:140,58,0,3
BRDA:142,59,0,4
BRDA:146,60,0,0
BRDA:149,61,0,1
BRDA:150,62,0,2
BRDA:162,63,0,1
BRDA:163,64,0,7
BRDA:168,65,0,3
BRDA:169,66,0,4
BRDA:169,67,0,0
BRDA:169,68,0,3
BRDA:185,69,0,2
BRDA:190,70,0,320
BRDA:193,71,0,0
BRDA:195,72,0,0
BRDA:196,73,0,304
BRDA:196,74,0,16
BRDA:205,75,0,2
BRDA:210,76,0,320
BRDA:213,77,0,0
BRDA:215,78,0,0
BRDA:216,79,0,304
BRDA:216,80,0,16
BRF:81
BRH:71
end_of_record
TN:
SF:src/utils.ts
FN:3,toNumberArray
FN:7,asArray
FN:11,nans
FN:15,sma
FN:28,rollingStd
FN:51,ema
FN:55,wilderRma
FN:70,emaFrom
FN:90,ewmAlpha
FN:104,trueRange
FN:119,highest
FN:132,lowest
FN:145,wma
FN:160,tp
FN:167,fillna
FNF:15
FNH:15
FNDA:1,toNumberArray
FNDA:2,asArray
FNDA:1,nans
FNDA:24,sma
FNDA:9,rollingStd
FNDA:31,ema
FNDA:5,wilderRma
FNDA:26,emaFrom
FNDA:119,ewmAlpha
FNDA:13,trueRange
FNDA:7,highest
FNDA:6,lowest
FNDA:1,wma
FNDA:1,tp
FNDA:1,fillna
DA:1,1
DA:2,1
DA:3,1
DA:4,1
DA:5,1
DA:6,1
DA:7,1
DA:8,2
DA:9,2
DA:10,1
DA:11,1
DA:12,1
DA:13,1
DA:14,1
DA:15,1
DA:16,24
DA:17,24
DA:18,23
DA:19,23
DA:20,650
DA:21,650
DA:22,650
DA:23,650
DA:24,650
DA:25,23
DA:26,23
DA:27,1
DA:28,1
DA:29,9
DA:30,9
DA:31,8
DA:32,8
DA:33,9
DA:34,298
DA:35,298
DA:36,298
DA:37,298
DA:38,156
DA:39,156
DA:40,156
DA:41,156
DA:42,298
DA:43,164
DA:44,164
DA:45,164
DA:46,164
DA:47,298
DA:48,8
DA:49,8
DA:50,1
DA:51,1
DA:52,31
DA:53,31
DA:54,1
DA:55,1
DA:56,5
DA:57,5
DA:58,5
DA:59,5
DA:60,4
DA:61,4
DA:62,2016
DA:63,2016
DA:64,2016
DA:65,2012
DA:66,2016
DA:67,4
DA:68,4
DA:69,1
DA:70,1
DA:71,26
DA:72,26
DA:73,26
DA:74,26
DA:75,25
DA:76,25
DA:77,26
DA:78,1998
DA:79,1998
DA:80,1998
DA:81,25
DA:82,1998
DA:83,1861
DA:84,1861
DA:85,1998
DA:86,1998
DA:87,25
DA:88,25
DA:89,1
DA:90,1
DA:91,119
DA:92,119
DA:93,119
DA:94,118
DA:95,118
DA:96,10724
DA:97,10724
DA:98,10606
DA:99,10724
DA:100,10724
DA:101,118
DA:102,118
DA:103,1
DA:104,1
DA:105,13
DA:106,13
DA:107,13
DA:108,1263
DA:109,1263
DA:110,1263
DA:111,1263
DA:112,1263
DA:113,1263
DA:114,1263
DA:115,1263
DA:116,13
DA:117,13
DA:118,1
DA:119,1
DA:120,7
DA:121,7
DA:122,7
DA:123,149
DA:124,149
DA:125,149
DA:126,149
DA:127,149
DA:128,149
DA:129,7
DA:130,7
DA:131,1
DA:132,1
DA:133,6
DA:134,6
DA:135,6
DA:136,135
DA:137,135
DA:138,135
DA:139,135
DA:140,135
DA:141,135
DA:142,6
DA:143,6
DA:144,1
DA:145,1
DA:146,1
DA:147,1
DA:148,1
DA:149,1
DA:150,1
DA:151,40
DA:152,32
DA:153,32
DA:154,32
DA:155,32
DA:156,40
DA:157,1
DA:158,1
DA:159,1
DA:160,1
DA:161,1
DA:162,1
DA:163,1
DA:164,1
DA:165,1
DA:166,1
DA:167,1
DA:168,1
DA:169,1
LF:169
LH:169
BRDA:3,0,0,1
BRDA:4,1,0,4
BRDA:4,2,0,2
BRDA:4,3,0,2
BRDA:7,4,0,2
BRDA:8,5,0,1
BRDA:8,6,0,1
BRDA:11,7,0,1
BRDA:12,8,0,3
BRDA:15,9,0,24
BRDA:17,10,0,1
BRDA:17,11,0,23
BRDA:19,12,0,650
BRDA:22,13,0,281
BRDA:23,14,0,304
BRDA:28,15,0,9
BRDA:30,16,0,8
BRDA:30,17,0,1
BRDA:33,18,0,298
BRDA:37,19,0,156
BRDA:42,20,0,164
BRDA:47,21,0,8
BRDA:51,22,0,31
BRDA:55,23,0,5
BRDA:59,24,0,1
BRDA:59,25,0,4
BRDA:61,26,0,2016
BRDA:63,27,0,56
BRDA:64,28,0,4
BRDA:64,29,0,2012
BRDA:65,30,0,1960
BRDA:70,31,0,26
BRDA:74,32,0,25
BRDA:74,33,0,1
BRDA:77,34,0,1998
BRDA:79,35,0,112
BRDA:79,36,0,1886
BRDA:80,37,0,25
BRDA:82,38,0,1861
BRDA:84,39,0,1886
BRDA:85,40,0,1732
BRDA:86,41,0,25
BRDA:90,42,0,119
BRDA:93,43,0,118
BRDA:93,44,0,1
BRDA:93,45,0,118
BRDA:95,46,0,10724
BRDA:97,47,0,118
BRDA:97,48,0,10606
BRDA:99,49,0,10131
BRDA:104,50,0,13
BRDA:107,51,0,1263
BRDA:110,52,0,1250
BRDA:110,53,0,13
BRDA:112,54,0,13
BRDA:112,55,0,1250
BRDA:113,56,0,13
BRDA:113,57,0,1250
BRDA:114,58,0,13
BRDA:114,59,0,1250
BRDA:119,60,0,7
BRDA:122,61,0,149
BRDA:124,62,0,168
BRDA:124,63,0,45
BRDA:126,64,0,31
BRDA:127,65,0,60
BRDA:132,66,0,6
BRDA:135,67,0,135
BRDA:137,68,0,154
BRDA:137,69,0,29
BRDA:139,70,0,37
BRDA:140,71,0,59
BRDA:145,72,0,1
BRDA:147,73,0,0
BRDA:150,74,0,40
BRDA:151,75,0,32
BRDA:153,76,0,288
BRDA:160,77,0,1
BRDA:163,78,0,2
BRDA:167,79,0,1
BRDA:168,80,0,4
BRDA:168,81,0,2
BRDA:168,82,0,2
BRF:83
BRH:82
end_of_record
TN:
SF:src/indicators/momentum.ts
FN:3,rsi
FN:23,stochastic
FN:44,smaLocal
FN:62,roc
FN:73,kama
FN:125,tsi
FN:144,ultimateOscillator
FN:162,avg
FN:185,ppo
FN:196,ppoSignal
FN:207,ppoHist
FN:218,pvo
FN:229,pvoSignal
FN:240,pvoHist
FN:251,williamsR
FN:277,stochRsi
FN:305,stochRsiK
FN:315,stochRsiD
FN:325,awesomeOscillator
FN:333,smaLocal2
FNF:20
FNH:20
FNDA:9,rsi
FNDA:2,stochastic
FNDA:5,smaLocal
FNDA:1,roc
FNDA:1,kama
FNDA:1,tsi
FNDA:1,ultimateOscillator
FNDA:3,avg
FNDA:16,ppo
FNDA:8,ppoSignal
FNDA:4,ppoHist
FNDA:16,pvo
FNDA:8,pvoSignal
FNDA:4,pvoHist
FNDA:1,williamsR
FNDA:3,stochRsi
FNDA:2,stochRsiK
FNDA:1,stochRsiD
FNDA:1,awesomeOscillator
FNDA:2,smaLocal2
DA:1,1
DA:2,1
DA:3,1
DA:4,9
DA:5,9
DA:6,9
DA:7,9
DA:8,221
DA:9,221
DA:10,221
DA:11,221
DA:12,9
DA:13,9
DA:14,9
DA:15,9
DA:16,230
DA:17,230
DA:18,230
DA:19,230
DA:20,9
DA:21,9
DA:22,1
DA:23,1
DA:24,2
DA:25,2
DA:26,2
DA:27,2
DA:28,2
DA:29,2
DA:30,2
DA:31,2
DA:32,2
DA:33,2
DA:34,2
DA:35,38
DA:36,38
DA:37,38
DA:38,38
DA:39,38
DA:40,2
DA:41,2
DA:42,2
DA:43,1
DA:44,5
DA:45,5
DA:46,5
DA:47,5
DA:48,5
DA:49,71
DA:50,71
DA:51,71
DA:52,56
DA:53,56
DA:54,71
DA:55,19
DA:56,19
DA:57,19
DA:58,71
DA:59,71
DA:60,71
DA:61,1
DA:62,1
DA:63,1
DA:64,1
DA:65,1
DA:66,20
DA:67,8
DA:68,8
DA:69,20
DA:70,1
DA:71,1
DA:72,1
DA:73,1
DA:74,1
DA:75,1
DA:76,1
DA:77,1
DA:78,1
DA:79,1
DA:80,1
DA:81,1
DA:82,1
DA:83,1
DA:84,49
DA:85,49
DA:86,1
DA:87,1
DA:88,1
DA:89,49
DA:90,49
DA:91,39
DA:92,39
DA:93,39
DA:94,390
DA:95,0
DA:96,0
DA:97,0
DA:98,390
DA:99,390
DA:100,39
DA:101,39
DA:102,49
DA:103,1
DA:104,1
DA:105,1
DA:106,1
DA:107,49
DA:108,49
DA:109,49
DA:110,49
DA:111,1
DA:112,1
DA:113,49
DA:114,0
DA:115,49
DA:116,1
DA:117,1
DA:118,49
DA:119,48
DA:120,48
DA:121,49
DA:122,1
DA:123,1
DA:124,1
DA:125,1
DA:126,1
DA:127,1
DA:128,1
DA:129,1
DA:130,1
DA:131,1
DA:132,1
DA:133,1
DA:134,1
DA:135,1
DA:136,1
DA:137,1
DA:138,504
DA:139,504
DA:140,504
DA:141,1
DA:142,1
DA:143,1
DA:144,1
DA:145,1
DA:146,1
DA:147,1
DA:148,1
DA:149,1
DA:150,1
DA:151,1
DA:152,1
DA:153,1
DA:154,1
DA:155,1
DA:156,30
DA:157,30
DA:158,30
DA:159,30
DA:160,30
DA:161,30
DA:162,1
DA:163,3
DA:164,3
DA:165,3
DA:166,3
DA:167,90
DA:168,90
DA:169,90
DA:170,41
DA:171,41
DA:172,41
DA:173,90
DA:174,90
DA:175,3
DA:176,3
DA:177,1
DA:178,1
DA:179,1
DA:180,1
DA:181,1
DA:182,1
DA:183,1
DA:184,1
DA:185,1
DA:186,16
DA:187,16
DA:188,16
DA:189,16
DA:190,16
DA:191,16
DA:192,16
DA:193,16
DA:194,16
DA:195,1
DA:196,1
DA:197,8
DA:198,8
DA:199,8
DA:200,8
DA:201,8
DA:202,8
DA:203,8
DA:204,8
DA:205,8
DA:206,1
DA:207,1
DA:208,4
DA:209,4
DA:210,4
DA:211,4
DA:212,4
DA:213,4
DA:214,4
DA:215,4
DA:216,4
DA:217,1
DA:218,1
DA:219,16
DA:220,16
DA:221,16
DA:222,16
DA:223,16
DA:224,16
DA:225,16
DA:226,16
DA:227,16
DA:228,1
DA:229,1
DA:230,8
DA:231,8
DA:232,8
DA:233,8
DA:234,8
DA:235,8
DA:236,8
DA:237,8
DA:238,8
DA:239,1
DA:240,1
DA:241,4
DA:242,4
DA:243,4
DA:244,4
DA:245,4
DA:246,4
DA:247,4
DA:248,4
DA:249,4
DA:250,1
DA:251,1
DA:252,1
DA:253,1
DA:254,1
DA:255,1
DA:256,1
DA:257,1
DA:258,1
DA:259,1
DA:260,30
DA:261,17
DA:262,17
DA:263,17
DA:264,238
DA:265,238
DA:266,238
DA:267,17
DA:268,17
DA:269,17
DA:270,30
DA:271,1
DA:272,1
DA:273,1
DA:274,1
DA:275,1
DA:276,1
DA:277,1
DA:278,3
DA:279,3
DA:280,3
DA:281,3
DA:282,3
DA:283,3
DA:284,3
DA:285,55
DA:286,34
DA:287,34
DA:288,34
DA:289,34
DA:290,149
DA:291,149
DA:292,149
DA:293,149
DA:294,149
DA:295,34
DA:296,13
DA:297,13
DA:298,13
DA:299,34
DA:300,55
DA:301,3
DA:302,3
DA:303,1
DA:304,1
DA:305,1
DA:306,2
DA:307,2
DA:308,2
DA:309,2
DA:310,2
DA:311,2
DA:312,2
DA:313,1
DA:314,1
DA:315,1
DA:316,1
DA:317,1
DA:318,1
DA:319,1
DA:320,1
DA:321,1
DA:322,1
DA:323,1
DA:324,1
DA:325,1
DA:326,1
DA:327,1
DA:328,1
DA:329,1
DA:330,1
DA:331,1
DA:332,1
DA:333,1
DA:334,2
DA:335,2
DA:336,2
DA:337,14
DA:338,14
DA:339,14
DA:340,14
DA:341,2
DA:342,2
DA:343,1
DA:344,1
DA:345,1
DA:346,1
LF:346
LH:342
BRDA:3,0,0,9
BRDA:7,1,0,221
BRDA:9,2,0,165
BRDA:9,3,0,56
BRDA:10,4,0,35
BRDA:10,5,0,186
BRDA:15,6,0,230
BRDA:17,7,0,100
BRDA:17,8,0,130
BRDA:12,9,0,230
BRDA:12,10,0,221
BRDA:12,11,0,9
BRDA:13,12,0,230
BRDA:13,13,0,221
BRDA:13,14,0,9
BRDA:23,15,0,2
BRDA:34,16,0,38
BRDA:38,17,0,0
BRDA:44,18,0,5
BRDA:48,19,0,71
BRDA:51,20,0,56
BRDA:54,21,0,61
BRDA:54,22,0,19
BRDA:55,23,0,57
BRDA:62,24,0,1
BRDA:65,25,0,20
BRDA:66,26,0,8
BRDA:66,27,0,8
BRDA:73,28,0,1
BRDA:81,29,0,0
BRDA:83,30,0,49
BRDA:84,31,0,1
BRDA:84,32,0,48
BRDA:88,33,0,49
BRDA:89,34,0,39
BRDA:90,35,0,39
BRDA:93,36,0,390
BRDA:94,37,0,0
BRDA:100,38,0,0
BRDA:106,39,0,49
BRDA:108,40,0,39
BRDA:108,41,0,39
BRDA:108,42,0,0
BRDA:108,43,0,10
BRDA:112,44,0,49
BRDA:113,45,0,0
BRDA:115,46,0,1
BRDA:118,47,0,48
BRDA:125,48,0,1
BRDA:128,49,0,503
BRDA:137,50,0,504
BRDA:139,51,0,12
BRDA:139,52,0,492
BRDA:131,53,0,504
BRDA:131,54,0,503
BRDA:131,55,0,1
BRDA:132,56,0,504
BRDA:132,57,0,480
BRDA:132,58,0,24
BRDA:133,59,0,504
BRDA:133,60,0,503
BRDA:133,61,0,1
BRDA:135,62,0,504
BRDA:135,63,0,480
BRDA:135,64,0,24
BRDA:144,65,0,1
BRDA:155,66,0,30
BRDA:156,67,0,29
BRDA:156,68,0,1
BRDA:181,69,0,30
BRDA:162,70,0,3
BRDA:166,71,0,90
BRDA:169,72,0,41
BRDA:173,73,0,44
BRDA:173,74,0,0
BRDA:185,75,0,16
BRDA:193,76,0,1500
BRDA:193,77,0,0
BRDA:196,78,0,8
BRDA:204,79,0,0
BRDA:203,80,0,8
BRDA:204,81,0,750
BRDA:204,82,0,0
BRDA:207,83,0,4
BRDA:215,84,0,375
BRDA:218,85,0,16
BRDA:226,86,0,1500
BRDA:226,87,0,0
BRDA:229,88,0,8
BRDA:237,89,0,0
BRDA:236,90,0,8
BRDA:237,91,0,750
BRDA:237,92,0,0
BRDA:240,93,0,4
BRDA:248,94,0,375
BRDA:251,95,0,1
BRDA:259,96,0,30
BRDA:260,97,0,17
BRDA:263,98,0,238
BRDA:264,99,0,88
BRDA:265,100,0,51
BRDA:268,101,0,0
BRDA:277,102,0,3
BRDA:284,103,0,55
BRDA:285,104,0,34
BRDA:289,105,0,149
BRDA:291,106,0,21
BRDA:291,107,0,128
BRDA:292,108,0,32
BRDA:292,109,0,128
BRDA:293,110,0,62
BRDA:295,111,0,13
BRDA:297,112,0,0
BRDA:305,113,0,2
BRDA:311,114,0,22
BRDA:311,115,0,6
BRDA:311,116,0,16
BRDA:315,117,0,1
BRDA:322,118,0,11
BRDA:322,119,0,1
BRDA:322,120,0,10
BRDA:325,121,0,1
BRDA:332,122,0,7
BRDA:333,123,0,2
BRDA:336,124,0,14
BRDA:338,125,0,7
BRDA:339,126,0,9
BRDA:345,127,0,7
BRF:128
BRH:113
end_of_record
TN:
SF:src/indicators/psar.ts
FN:1,psar
FNF:1
FNH:1
FNDA:2,psar
DA:1,1
DA:2,2
DA:3,2
DA:4,2
DA:5,2
DA:6,2
DA:7,2
DA:8,2
DA:9,2
DA:10,2
DA:11,2
DA:12,2
DA:13,2
DA:14,2
DA:15,2
DA:16,2
DA:17,2
DA:18,2
DA:19,2
DA:20,2
DA:21,47
DA:22,47
DA:23,47
DA:24,47
DA:25,47
DA:26,47
DA:27,0
DA:28,0
DA:29,0
DA:30,0
DA:31,47
DA:32,47
DA:33,10
DA:34,10
DA:35,10
DA:36,47
DA:37,47
DA:38,47
DA:39,47
DA:40,47
DA:41,47
DA:42,0
DA:43,0
DA:44,0
DA:45,0
DA:46,0
DA:47,0
DA:48,0
DA:49,0
DA:50,0
DA:51,0
DA:52,0
DA:53,0
DA:54,0
DA:55,0
DA:56,0
DA:57,0
DA:58,0
DA:59,47
DA:60,47
DA:61,0
DA:62,47
DA:63,2
DA:64,2
LF:64
LH:42
BRDA:1,0,0,2
BRDA:12,1,0,0
BRDA:20,2,0,47
BRDA:26,3,0,0
BRDA:32,4,0,10
BRDA:38,5,0,0
BRDA:39,6,0,0
BRDA:41,7,0,0
BRDA:60,8,0,0
BRF:9
BRH:3
end_of_record
TN:
SF:src/indicators/returns.ts
FN:1,dailyReturn
FN:12,logReturn
FN:23,cumulativeReturn
FNF:3
FNH:3
FNDA:1,dailyReturn
FNDA:1,logReturn
FNDA:1,cumulativeReturn
DA:1,1
DA:2,1
DA:3,1
DA:4,1
DA:5,3
DA:6,3
DA:7,3
DA:8,3
DA:9,1
DA:10,1
DA:11,1
DA:12,1
DA:13,1
DA:14,1
DA:15,1
DA:16,2
DA:17,2
DA:18,2
DA:19,2
DA:20,1
DA:21,1
DA:22,1
DA:23,1
DA:24,1
DA:25,1
DA:26,1
DA:27,1
DA:28,1
DA:29,3
DA:30,3
DA:31,3
DA:32,0
DA:33,0
DA:34,0
DA:35,3
DA:36,3
DA:37,3
DA:38,3
DA:39,1
DA:40,1
LF:40
LH:37
BRDA:1,0,0,1
BRDA:4,1,0,3
BRDA:7,2,0,0
BRDA:12,3,0,1
BRDA:15,4,0,2
BRDA:18,5,0,0
BRDA:23,6,0,1
BRDA:26,7,0,0
BRDA:28,8,0,3
BRDA:31,9,0,0
BRF:10
BRH:6
end_of_record
TN:
SF:src/indicators/trend.ts
FN:3,smaIndicator
FN:7,emaIndicator
FN:11,macd
FN:21,macdSignal
FN:32,macdDiff
FN:44,adx
FN:108,adxPos
FN:127,adxNeg
FN:146,cci
FN:168,wmaIndicator
FN:172,trix
FN:185,massIndex
FN:207,ichimoku
FN:215,highestIn
FN:220,lowestIn
FN:240,ichimokuShifted
FN:262,ichimokuDisplay
FN:282,stc
FN:293,stoch
FN:312,dpo
FN:324,kst
FN:337,roc
FN:345,smaArr
FN:356,aroon
FN:379,vortexIndicatorPos
FN:406,vortexIndicatorNeg
FN:433,vortexIndicatorDiff
FNF:27
FNH:27
FNDA:1,smaIndicator
FNDA:2,emaIndicator
FNDA:9,macd
FNDA:3,macdSignal
FNDA:3,macdDiff
FNDA:1,adx
FNDA:1,adxPos
FNDA:1,adxNeg
FNDA:1,cci
FNDA:1,wmaIndicator
FNDA:1,trix
FNDA:1,massIndex
FNDA:5,ichimoku
FNDA:78,highestIn
FNDA:78,lowestIn
FNDA:3,ichimokuShifted
FNDA:2,ichimokuDisplay
FNDA:1,stc
FNDA:2,stoch
FNDA:2,dpo
FNDA:1,kst
FNDA:4,roc
FNDA:4,smaArr
FNDA:1,aroon
FNDA:3,vortexIndicatorPos
FNDA:3,vortexIndicatorNeg
FNDA:1,vortexIndicatorDiff
DA:1,1
DA:2,1
DA:3,1
DA:4,1
DA:5,1
DA:6,1
DA:7,1
DA:8,2
DA:9,2
DA:10,1
DA:11,1
DA:12,9
DA:13,9
DA:14,9
DA:15,9
DA:16,9
DA:17,9
DA:18,9
DA:19,9
DA:20,1
DA:21,1
DA:22,3
DA:23,3
DA:24,3
DA:25,3
DA:26,3
DA:27,3
DA:28,3
DA:29,3
DA:30,3
DA:31,1
DA:32,1
DA:33,3
DA:34,3
DA:35,3
DA:36,3
DA:37,3
DA:38,3
DA:39,3
DA:40,3
DA:41,3
DA:42,3
DA:43,1
DA:44,1
DA:45,1
DA:46,1
DA:47,1
DA:48,1
DA:49,1
DA:50,1
DA:51,1
DA:52,1
DA:53,1
DA:54,1
DA:55,504
DA:56,504
DA:57,504
DA:58,504
DA:59,1
DA:60,1
DA:61,1
DA:62,1
DA:63,1
DA:64,1
DA:65,489
DA:66,489
DA:67,1
DA:68,1
DA:69,1
DA:70,504
DA:71,504
DA:72,1
DA:73,1
DA:74,504
DA:75,504
DA:76,1
DA:77,1
DA:78,1
DA:79,1
DA:80,1
DA:81,1
DA:82,1
DA:83,1
DA:84,1
DA:85,1
DA:86,1
DA:87,1
DA:88,1
DA:89,1
DA:90,1
DA:91,1
DA:92,491
DA:93,491
DA:94,1
DA:95,1
DA:96,1
DA:97,1
DA:98,1
DA:99,1
DA:100,1
DA:101,476
DA:102,476
DA:103,1
DA:104,1
DA:105,1
DA:106,1
DA:107,1
DA:108,1
DA:109,1
DA:110,1
DA:111,1
DA:112,1
DA:113,1
DA:114,1
DA:115,1
DA:116,1
DA:117,1
DA:118,503
DA:119,503
DA:120,503
DA:121,503
DA:122,1
DA:123,1
DA:124,1
DA:125,1
DA:126,1
DA:127,1
DA:128,1
DA:129,1
DA:130,1
DA:131,1
DA:132,1
DA:133,1
DA:134,1
DA:135,1
DA:136,1
DA:137,503
DA:138,503
DA:139,503
DA:140,503
DA:141,1
DA:142,1
DA:143,1
DA:144,1
DA:145,1
DA:146,1
DA:147,1
DA:148,1
DA:149,1
DA:150,1
DA:151,1
DA:152,1
DA:153,1
DA:154,1
DA:155,1
DA:156,1
DA:157,1
DA:158,30
DA:159,11
DA:160,11
DA:161,30
DA:162,11
DA:163,11
DA:164,11
DA:165,1
DA:166,1
DA:167,1
DA:168,1
DA:169,1
DA:170,1
DA:171,1
DA:172,1
DA:173,1
DA:174,1
DA:175,1
DA:176,1
DA:177,1
DA:178,49
DA:179,49
DA:180,49
DA:181,49
DA:182,1
DA:183,1
DA:184,1
DA:185,1
DA:186,1
DA:187,1
DA:188,1
DA:189,1
DA:190,1
DA:191,1
DA:192,1
DA:193,1
DA:194,1
DA:195,1
DA:196,1
DA:197,1
DA:198,1
DA:199,60
DA:200,60
DA:201,60
DA:202,60
DA:203,60
DA:204,1
DA:205,1
DA:206,1
DA:207,1
DA:208,5
DA:209,5
DA:210,5
DA:211,5
DA:212,5
DA:213,5
DA:214,5
DA:215,5
DA:216,78
DA:217,78
DA:218,78
DA:219,78
DA:220,5
DA:221,78
DA:222,78
DA:223,78
DA:224,78
DA:225,5
DA:226,5
DA:227,5
DA:228,42
DA:229,42
DA:230,42
DA:231,5
DA:232,5
DA:233,5
DA:234,42
DA:235,42
DA:236,42
DA:237,5
DA:238,5
DA:239,1
DA:240,1
DA:241,3
DA:242,3
DA:243,3
DA:244,3
DA:245,3
DA:246,3
DA:247,3
DA:248,3
DA:249,3
DA:250,3
DA:251,3
DA:252,3
DA:253,25
DA:254,25
DA:255,18
DA:256,18
DA:257,18
DA:258,25
DA:259,3
DA:260,3
DA:261,1
DA:262,1
DA:263,2
DA:264,2
DA:265,2
DA:266,2
DA:267,2
DA:268,2
DA:269,2
DA:270,2
DA:271,2
DA:272,2
DA:273,2
DA:274,2
DA:275,2
DA:276,16
DA:277,16
DA:278,16
DA:279,2
DA:280,2
DA:281,1
DA:282,1
DA:283,1
DA:284,1
DA:285,1
DA:286,1
DA:287,1
DA:288,1
DA:289,1
DA:290,1
DA:291,1
DA:292,1
DA:293,1
DA:294,2
DA:295,2
DA:296,2
DA:297,240
DA:298,222
DA:299,222
DA:300,222
DA:301,222
DA:302,240
DA:303,2
DA:304,2
DA:305,1
DA:306,1
DA:307,1
DA:308,1
DA:309,1
DA:310,1
DA:311,1
DA:312,1
DA:313,2
DA:314,2
DA:315,2
DA:316,2
DA:317,2
DA:318,23
DA:319,23
DA:320,23
DA:321,2
DA:322,2
DA:323,1
DA:324,1
DA:325,1
DA:326,1
DA:327,1
DA:328,1
DA:329,1
DA:330,1
DA:331,1
DA:332,1
DA:333,1
DA:334,1
DA:335,1
DA:336,1
DA:337,1
DA:338,4
DA:339,4
DA:340,5
DA:341,5
DA:342,5
DA:343,4
DA:344,4
DA:345,1
DA:346,1
DA:347,1
DA:348,1
DA:349,1
DA:350,1
DA:351,1
DA:352,1
DA:353,1
DA:354,1
DA:355,1
DA:356,1
DA:357,1
DA:358,1
DA:359,1
DA:360,1
DA:361,1
DA:362,1
DA:363,1
DA:364,1
DA:365,11
DA:366,7
DA:367,7
DA:368,7
DA:369,35
DA:370,35
DA:371,35
DA:372,7
DA:373,7
DA:374,7
DA:375,11
DA:376,1
DA:377,1
DA:378,1
DA:379,1
DA:380,3
DA:381,3
DA:382,3
DA:383,3
DA:384,3
DA:385,3
DA:386,3
DA:387,3
DA:388,3
DA:389,87
DA:390,87
DA:391,3
DA:392,3
DA:393,3
DA:394,3
DA:395,90
DA:396,90
DA:397,90
DA:398,48
DA:399,48
DA:400,48
DA:401,90
DA:402,90
DA:403,3
DA:404,3
DA:405,1
DA:406,1
DA:407,3
DA:408,3
DA:409,3
DA:410,3
DA:411,3
DA:412,3
DA:413,3
DA:414,3
DA:415,3
DA:416,87
DA:417,87
DA:418,3
DA:419,3
DA:420,3
DA:421,3
DA:422,90
DA:423,90
DA:424,90
DA:425,48
DA:426,48
DA:427,48
DA:428,90
DA:429,90
DA:430,3
DA:431,3
DA:432,1
DA:433,1
DA:434,1
DA:435,1
DA:436,1
DA:437,1
DA:438,1
DA:439,1
DA:440,1
DA:441,1
DA:442,1
LF:442
LH:442
BRDA:3,0,0,1
BRDA:7,1,0,2
BRDA:11,2,0,9
BRDA:18,3,0,717
BRDA:21,4,0,3
BRDA:29,5,0,0
BRDA:28,6,0,58
BRDA:29,7,0,239
BRDA:29,8,0,184
BRDA:29,9,0,55
BRDA:32,10,0,3
BRDA:40,11,0,0
BRDA:39,12,0,58
BRDA:40,13,0,239
BRDA:40,14,0,184
BRDA:40,15,0,55
BRDA:41,16,0,239
BRDA:44,17,0,1
BRDA:51,18,0,0
BRDA:62,19,0,14
BRDA:64,20,0,489
BRDA:79,21,0,14
BRDA:79,22,0,0
BRDA:81,23,0,489
BRDA:81,24,0,0
BRDA:85,25,0,14
BRDA:85,26,0,0
BRDA:87,27,0,489
BRDA:87,28,0,0
BRDA:98,29,0,14
BRDA:100,30,0,476
BRDA:53,31,0,504
BRDA:53,32,0,503
BRDA:53,33,0,1
BRDA:54,34,0,504
BRDA:56,35,0,1
BRDA:56,36,0,503
BRDA:57,37,0,1
BRDA:57,38,0,503
BRDA:67,39,0,504
BRDA:67,40,0,503
BRDA:67,41,0,1
BRDA:68,42,0,504
BRDA:68,43,0,503
BRDA:68,44,0,1
BRDA:69,45,0,504
BRDA:71,46,0,0
BRDA:71,47,0,293
BRDA:71,48,0,0
BRDA:71,49,0,268
BRDA:71,50,0,236
BRDA:73,51,0,504
BRDA:75,52,0,0
BRDA:75,53,0,0
BRDA:75,54,0,208
BRDA:75,55,0,0
BRDA:75,56,0,185
BRDA:75,57,0,319
BRDA:89,58,0,491
BRDA:89,59,0,490
BRDA:89,60,0,1
BRDA:90,61,0,491
BRDA:90,62,0,490
BRDA:90,63,0,1
BRDA:91,64,0,491
BRDA:93,65,0,490
BRDA:93,66,0,1
BRDA:108,67,0,1
BRDA:117,68,0,503
BRDA:120,69,0,293
BRDA:120,70,0,268
BRDA:120,71,0,235
BRDA:123,72,0,504
BRDA:123,73,0,1
BRDA:123,74,0,503
BRDA:124,75,0,504
BRDA:127,76,0,1
BRDA:136,77,0,503
BRDA:139,78,0,208
BRDA:139,79,0,185
BRDA:139,80,0,318
BRDA:142,81,0,504
BRDA:142,82,0,1
BRDA:142,83,0,503
BRDA:143,84,0,504
BRDA:146,85,0,1
BRDA:154,86,0,30
BRDA:157,87,0,30
BRDA:158,88,0,19
BRDA:158,89,0,11
BRDA:161,90,0,220
BRDA:161,91,0,11
BRDA:168,92,0,1
BRDA:172,93,0,1
BRDA:177,94,0,49
BRDA:180,95,0,0
BRDA:174,96,0,50
BRDA:174,97,0,36
BRDA:174,98,0,14
BRDA:175,99,0,50
BRDA:175,100,0,36
BRDA:175,101,0,14
BRDA:185,102,0,1
BRDA:198,103,0,60
BRDA:201,104,0,51
BRDA:202,105,0,52
BRDA:192,106,0,60
BRDA:194,107,0,60
BRDA:194,108,0,58
BRDA:194,109,0,2
BRDA:195,110,0,60
BRDA:195,111,0,0
BRDA:207,112,0,5
BRDA:227,113,0,42
BRDA:228,114,0,32
BRDA:229,115,0,26
BRDA:233,116,0,42
BRDA:234,117,0,26
BRDA:235,118,0,20
BRDA:215,119,0,78
BRDA:217,120,0,311
BRDA:220,121,0,78
BRDA:222,122,0,311
BRDA:240,123,0,3
BRDA:252,124,0,25
BRDA:254,125,0,18
BRDA:262,126,0,2
BRDA:275,127,0,16
BRDA:277,128,0,11
BRDA:282,129,0,1
BRDA:292,130,0,120
BRDA:293,131,0,2
BRDA:296,132,0,240
BRDA:297,133,0,222
BRDA:299,134,0,2220
BRDA:300,135,0,47
BRDA:300,136,0,175
BRDA:306,137,0,120
BRDA:306,138,0,62
BRDA:306,139,0,58
BRDA:308,140,0,120
BRDA:308,141,0,109
BRDA:308,142,0,11
BRDA:312,143,0,2
BRDA:317,144,0,23
BRDA:319,145,0,15
BRDA:319,146,0,5
BRDA:324,147,0,1
BRDA:337,148,0,4
BRDA:339,149,0,5
BRDA:341,150,0,0
BRDA:345,151,0,4
BRDA:345,152,0,60
BRDA:345,153,0,5
BRDA:345,154,0,55
BRDA:350,155,0,15
BRDA:351,156,0,15
BRDA:351,157,0,1
BRDA:351,158,0,14
BRDA:352,159,0,15
BRDA:356,160,0,1
BRDA:364,161,0,11
BRDA:365,162,0,7
BRDA:368,163,0,35
BRDA:369,164,0,26
BRDA:370,165,0,11
BRDA:379,166,0,3
BRDA:388,167,0,87
BRDA:394,168,0,90
BRDA:396,169,0,0
BRDA:397,170,0,48
BRDA:399,171,0,0
BRDA:401,172,0,51
BRDA:401,173,0,0
BRDA:406,174,0,3
BRDA:415,175,0,87
BRDA:421,176,0,90
BRDA:423,177,0,0
BRDA:424,178,0,48
BRDA:426,179,0,0
BRDA:428,180,0,51
BRDA:428,181,0,0
BRDA:433,182,0,1
BRDA:441,183,0,30
BRF:184
BRH:163
end_of_record
TN:
SF:src/indicators/volatility.ts
FN:3,bollingerMavg
FN:7,bollingerHband
FN:17,bollingerLband
FN:27,bollingerWband
FN:37,bollingerPband
FN:47,bollingerHbandIndicator
FN:61,bollingerLbandIndicator
FN:75,atr
FN:94,keltnerChannel
FN:131,donchianChannel
FN:142,applyOffset
FN:160,ulcerIndex
FNF:12
FNH:12
FNDA:1,bollingerMavg
FNDA:3,bollingerHband
FNDA:3,bollingerLband
FNDA:1,bollingerWband
FNDA:1,bollingerPband
FNDA:1,bollingerHbandIndicator
FNDA:1,bollingerLbandIndicator
FNDA:4,atr
FNDA:2,keltnerChannel
FNDA:3,donchianChannel
FNDA:6,applyOffset
FNDA:1,ulcerIndex
DA:1,1
DA:2,1
DA:3,1
DA:4,1
DA:5,1
DA:6,1
DA:7,1
DA:8,3
DA:9,3
DA:10,3
DA:11,3
DA:12,3
DA:13,3
DA:14,3
DA:15,3
DA:16,1
DA:17,1
DA:18,3
DA:19,3
DA:20,3
DA:21,3
DA:22,3
DA:23,3
DA:24,3
DA:25,3
DA:26,1
DA:27,1
DA:28,1
DA:29,1
DA:30,1
DA:31,1
DA:32,1
DA:33,1
DA:34,1
DA:35,1
DA:36,1
DA:37,1
DA:38,1
DA:39,1
DA:40,1
DA:41,1
DA:42,1
DA:43,1
DA:44,1
DA:45,1
DA:46,1
DA:47,1
DA:48,1
DA:49,1
DA:50,1
DA:51,1
DA:52,1
DA:53,1
DA:54,1
DA:55,1
DA:56,42
DA:57,42
DA:58,1
DA:59,1
DA:60,1
DA:61,1
DA:62,1
DA:63,1
DA:64,1
DA:65,1
DA:66,1
DA:67,1
DA:68,1
DA:69,1
DA:70,42
DA:71,42
DA:72,1
DA:73,1
DA:74,1
DA:75,1
DA:76,4
DA:77,4
DA:78,4
DA:79,4
DA:80,4
DA:81,4
DA:82,4
DA:83,4
DA:84,4
DA:85,4
DA:86,4
DA:87,4
DA:88,4
DA:89,42
DA:90,42
DA:91,4
DA:92,4
DA:93,1
DA:94,1
DA:95,2
DA:96,2
DA:97,2
DA:98,2
DA:99,2
DA:100,2
DA:101,2
DA:102,2
DA:103,2
DA:104,2
DA:105,2
DA:106,2
DA:107,2
DA:108,1
DA:109,1
DA:110,1
DA:111,1
DA:112,1
DA:113,30
DA:114,30
DA:115,30
DA:116,30
DA:117,1
DA:118,1
DA:119,1
DA:120,1
DA:121,30
DA:122,30
DA:123,30
DA:124,30
DA:125,1
DA:126,2
DA:127,2
DA:128,2
DA:129,2
DA:130,1
DA:131,1
DA:132,3
DA:133,3
DA:134,3
DA:135,3
DA:136,3
DA:137,3
DA:138,3
DA:139,3
DA:140,3
DA:141,3
DA:142,3
DA:143,6
DA:144,2
DA:145,6
DA:146,60
DA:147,60
DA:148,60
DA:149,2
DA:150,6
DA:151,3
DA:152,3
DA:153,3
DA:154,3
DA:155,3
DA:156,3
DA:157,3
DA:158,3
DA:159,1
DA:160,1
DA:161,1
DA:162,1
DA:163,1
DA:164,1
DA:165,1
DA:166,1
DA:167,14
DA:168,1
DA:169,1
DA:170,1
DA:171,1
DA:172,14
DA:173,1
DA:174,1
LF:174
LH:174
BRDA:3,0,0,1
BRDA:7,1,0,3
BRDA:14,2,0,126
BRDA:17,3,0,3
BRDA:24,4,0,126
BRDA:27,5,0,1
BRDA:34,6,0,42
BRDA:37,7,0,1
BRDA:44,8,0,42
BRDA:47,9,0,1
BRDA:55,10,0,42
BRDA:56,11,0,23
BRDA:56,12,0,2
BRDA:56,13,0,21
BRDA:61,14,0,1
BRDA:69,15,0,42
BRDA:70,16,0,23
BRDA:70,17,0,1
BRDA:70,18,0,22
BRDA:75,19,0,4
BRDA:84,20,0,0
BRDA:86,21,0,31
BRDA:88,22,0,42
BRDA:94,23,0,2
BRDA:107,24,0,1
BRDA:112,25,0,30
BRDA:120,26,0,30
BRDA:108,27,0,30
BRDA:110,28,0,30
BRDA:111,29,0,30
BRDA:126,30,0,60
BRDA:127,31,0,60
BRDA:131,32,0,3
BRDA:142,33,0,6
BRDA:143,34,0,4
BRDA:143,35,0,2
BRDA:145,36,0,60
BRDA:147,37,0,58
BRDA:147,38,0,58
BRDA:147,39,0,2
BRDA:148,40,0,2
BRDA:153,41,0,90
BRDA:155,42,0,90
BRDA:156,43,0,90
BRDA:160,44,0,1
BRDA:164,45,0,14
BRDA:166,46,0,14
BRDA:167,47,0,1
BRDA:169,48,0,14
BRF:49
BRH:48
end_of_record
TN:
SF:src/indicators/volume.ts
FN:1,onBalanceVolume
FN:17,accumulationDistributionIndex
FN:36,chaikinMoneyFlow
FN:65,forceIndex
FN:91,easeOfMovement
FN:119,volumePriceTrend
FN:146,moneyFlowIndex
FN:191,negativeVolumeIndex
FN:207,vwap
FN:236,chaikinOscillator
FNF:10
FNH:10
FNDA:1,onBalanceVolume
FNDA:1,accumulationDistributionIndex
FNDA:1,chaikinMoneyFlow
FNDA:2,forceIndex
FNDA:2,easeOfMovement
FNDA:3,volumePriceTrend
FNDA:2,moneyFlowIndex
FNDA:1,negativeVolumeIndex
FNDA:2,vwap
FNDA:1,chaikinOscillator
DA:1,1
DA:2,1
DA:3,1
DA:4,1
DA:5,1
DA:6,30
DA:7,1
DA:8,1
DA:9,1
DA:10,30
DA:11,13
DA:12,29
DA:13,29
DA:14,1
DA:15,1
DA:16,1
DA:17,1
DA:18,1
DA:19,1
DA:20,1
DA:21,1
DA:22,1
DA:23,1
DA:24,1
DA:25,1
DA:26,1
DA:27,30
DA:28,30
DA:29,30
DA:30,30
DA:31,30
DA:32,30
DA:33,1
DA:34,1
DA:35,1
DA:36,1
DA:37,1
DA:38,1
DA:39,1
DA:40,1
DA:41,1
DA:42,1
DA:43,1
DA:44,1
DA:45,1
DA:46,4
DA:47,4
DA:48,4
DA:49,4
DA:50,1
DA:51,1
DA:52,1
DA:53,1
DA:54,4
DA:55,4
DA:56,4
DA:57,2
DA:58,2
DA:59,2
DA:60,4
DA:61,4
DA:62,1
DA:63,1
DA:64,1
DA:65,1
DA:66,2
DA:67,2
DA:68,2
DA:69,2
DA:70,2
DA:71,2
DA:72,2
DA:73,2
DA:74,2
DA:75,2
DA:76,2
DA:77,2
DA:78,35
DA:79,35
DA:80,35
DA:81,35
DA:82,4
DA:83,35
DA:84,31
DA:85,31
DA:86,35
DA:87,35
DA:88,2
DA:89,2
DA:90,1
DA:91,1
DA:92,2
DA:93,2
DA:94,2
DA:95,2
DA:96,2
DA:97,2
DA:98,2
DA:99,2
DA:100,32
DA:101,32
DA:102,32
DA:103,32
DA:104,2
DA:105,2
DA:106,2
DA:107,2
DA:108,34
DA:109,34
DA:110,34
DA:111,34
DA:112,18
DA:113,18
DA:114,18
DA:115,34
DA:116,34
DA:117,34
DA:118,1
DA:119,1
DA:120,3
DA:121,3
DA:122,3
DA:123,3
DA:124,3
DA:125,3
DA:126,3
DA:127,3
DA:128,3
DA:129,3
DA:130,61
DA:131,61
DA:132,61
DA:133,61
DA:134,3
DA:135,1
DA:136,1
DA:137,2
DA:138,30
DA:139,30
DA:140,30
DA:141,30
DA:142,30
DA:143,1
DA:144,1
DA:145,1
DA:146,1
DA:147,2
DA:148,2
DA:149,2
DA:150,2
DA:151,2
DA:152,2
DA:153,2
DA:154,2
DA:155,2
DA:156,2
DA:157,2
DA:158,2
DA:159,2
DA:160,2
DA:161,45
DA:162,45
DA:163,45
DA:164,2
DA:165,2
DA:166,2
DA:167,2
DA:168,2
DA:169,45
DA:170,45
DA:171,45
DA:172,26
DA:173,26
DA:174,26
DA:175,45
DA:176,28
DA:177,28
DA:178,28
DA:179,45
DA:180,2
DA:181,2
DA:182,45
DA:183,45
DA:184,28
DA:185,28
DA:186,28
DA:187,45
DA:188,2
DA:189,2
DA:190,1
DA:191,1
DA:192,1
DA:193,1
DA:194,1
DA:195,1
DA:196,1
DA:197,1
DA:198,1
DA:199,1
DA:200,5
DA:201,5
DA:202,5
DA:203,5
DA:204,1
DA:205,1
DA:206,1
DA:207,1
DA:208,2
DA:209,2
DA:210,2
DA:211,2
DA:212,2
DA:213,2
DA:214,2
DA:215,2
DA:216,2
DA:217,2
DA:218,2
DA:219,2
DA:220,2
DA:221,37
DA:222,37
DA:223,37
DA:224,19
DA:225,19
DA:226,19
DA:227,37
DA:228,37
DA:229,2
DA:230,2
DA:231,1
DA:232,1
DA:233,1
DA:234,1
DA:235,1
DA:236,1
DA:237,1
DA:238,1
DA:239,1
DA:240,1
DA:241,1
DA:242,1
DA:243,1
DA:244,1
DA:245,1
DA:246,1
DA:247,1
DA:248,1
DA:249,7
DA:250,7
DA:251,7
DA:252,7
DA:253,7
DA:254,7
DA:255,1
DA:256,1
DA:257,1
DA:258,1
DA:259,1
DA:260,1
LF:260
LH:260
BRDA:1,0,0,1
BRDA:5,1,0,30
BRDA:6,2,0,1
BRDA:9,3,0,29
BRDA:10,4,0,16
BRDA:10,5,0,13
BRDA:11,6,0,29
BRDA:17,7,0,1
BRDA:26,8,0,30
BRDA:28,9,0,0
BRDA:36,10,0,1
BRDA:45,11,0,4
BRDA:47,12,0,0
BRDA:53,13,0,4
BRDA:56,14,0,2
BRDA:60,15,0,3
BRDA:60,16,0,0
BRDA:65,17,0,2
BRDA:72,18,0,33
BRDA:77,19,0,35
BRDA:80,20,0,33
BRDA:80,21,0,2
BRDA:81,22,0,4
BRDA:82,23,0,2
BRDA:83,24,0,31
BRDA:86,25,0,33
BRDA:91,26,0,2
BRDA:99,27,0,32
BRDA:107,28,0,34
BRDA:110,29,0,18
BRDA:111,30,0,20
BRDA:111,31,0,18
BRDA:111,32,0,230
BRDA:112,33,0,228
BRDA:119,34,0,3
BRDA:129,35,0,61
BRDA:130,36,0,0
BRDA:134,37,0,2
BRDA:134,38,0,1
BRDA:137,39,0,30
BRDA:140,40,0,16
BRDA:141,41,0,17
BRDA:142,42,0,1
BRDA:146,43,0,2
BRDA:156,44,0,43
BRDA:156,45,0,19
BRDA:156,46,0,24
BRDA:160,47,0,45
BRDA:161,48,0,19
BRDA:161,49,0,26
BRDA:162,50,0,24
BRDA:162,51,0,21
BRDA:168,52,0,45
BRDA:171,53,0,26
BRDA:175,54,0,28
BRDA:181,55,0,45
BRDA:183,56,0,28
BRDA:183,57,0,28
BRDA:183,58,0,28
BRDA:154,59,0,45
BRDA:157,60,0,45
BRDA:157,61,0,0
BRDA:191,62,0,1
BRDA:197,63,0,0
BRDA:199,64,0,5
BRDA:201,65,0,0
BRDA:202,66,0,3
BRDA:202,67,0,2
BRDA:207,68,0,2
BRDA:220,69,0,37
BRDA:223,70,0,19
BRDA:227,71,0,21
BRDA:227,72,0,0
BRDA:215,73,0,37
BRDA:216,74,0,37
BRDA:236,75,0,1
BRDA:248,76,0,7
BRDA:250,77,0,0
BRDA:256,78,0,7
BRDA:256,79,0,0
BRDA:257,80,0,7
BRDA:257,81,0,0
BRDA:258,82,0,7
BRF:83
BRH:72
end_of_record
